2026-02-14 21:08:18,418 - INFO - ================================================================================
2026-02-14 21:08:18,418 - INFO - GTA 6 News Scraper Started
2026-02-14 21:08:18,418 - INFO - ================================================================================
2026-02-14 21:08:18,418 - INFO - 
[1/6] Processing: https://www.rockstargames.com/newswire.xml
2026-02-14 21:08:18,418 - INFO - Detected news site homepage: www.rockstargames.com
2026-02-14 21:08:18,418 - INFO - Fetching RSS feed: https://www.rockstargames.com/newswire.xml
2026-02-14 21:08:19,098 - INFO - Found 0 articles in RSS feed
2026-02-14 21:08:19,098 - INFO - 
[2/6] Processing: https://www.ign.com/articles?tags=gta-6
2026-02-14 21:08:19,098 - INFO - Detected news site homepage: www.ign.com
2026-02-14 21:08:19,098 - INFO - Fetching RSS feed: https://www.ign.com/articles?tags=gta-6
2026-02-14 21:08:20,677 - INFO - Found 0 articles in RSS feed
2026-02-14 21:08:20,678 - INFO - 
[3/6] Processing: https://www.gamespot.com/feeds/news/
2026-02-14 21:08:20,678 - INFO - Detected news site homepage: www.gamespot.com
2026-02-14 21:08:20,678 - INFO - Fetching RSS feed: https://www.gamespot.com/feeds/news/
2026-02-14 21:08:23,508 - INFO - Found 10 articles in RSS feed
2026-02-14 21:08:23,508 - INFO - Extracting: https://www.gamespot.com/articles/all-careers-in-the-sims-4-jobs-tips-and-how-to-get-promoted/1100-6531801/?ftag=CAD-01-10abi2f
2026-02-14 21:08:23,918 - INFO - Content not relevant to GTA 6: https://www.gamespot.com/articles/all-careers-in-the-sims-4-jobs-tips-and-how-to-get-promoted/1100-6531801/?ftag=CAD-01-10abi2f
2026-02-14 21:08:23,918 - INFO - Extracting: https://www.gamespot.com/articles/capcom-restores-free-viewing-option-for-street-fighter-world-championship-after-backlash/1100-6538195/?ftag=CAD-01-10abi2f
2026-02-14 21:08:24,700 - INFO - Content not relevant to GTA 6: https://www.gamespot.com/articles/capcom-restores-free-viewing-option-for-street-fighter-world-championship-after-backlash/1100-6538195/?ftag=CAD-01-10abi2f
2026-02-14 21:08:24,700 - INFO - Extracting: https://www.gamespot.com/articles/the-wandering-village-premium-collectors-edition-buying-guide/1100-6538141/?ftag=CAD-01-10abi2f
2026-02-14 21:08:25,587 - INFO - Content not relevant to GTA 6: https://www.gamespot.com/articles/the-wandering-village-premium-collectors-edition-buying-guide/1100-6538141/?ftag=CAD-01-10abi2f
2026-02-14 21:08:25,587 - INFO - Extracting: https://www.gamespot.com/articles/how-to-become-ruler-in-the-sims-4-royalty-and-legacy/1100-6538194/?ftag=CAD-01-10abi2f
2026-02-14 21:08:26,243 - INFO - Content not relevant to GTA 6: https://www.gamespot.com/articles/how-to-become-ruler-in-the-sims-4-royalty-and-legacy/1100-6538194/?ftag=CAD-01-10abi2f
2026-02-14 21:08:26,244 - INFO - Extracting: https://www.gamespot.com/articles/humble-love-you-to-death-bundle/1100-6538134/?ftag=CAD-01-10abi2f
2026-02-14 21:08:26,958 - INFO - Content not relevant to GTA 6: https://www.gamespot.com/articles/humble-love-you-to-death-bundle/1100-6538134/?ftag=CAD-01-10abi2f
2026-02-14 21:08:26,959 - INFO - Extracting: https://www.gamespot.com/articles/fanaticals-lunar-new-year-sale-is-live-now-offering-deals-on-thousands-of-games/1100-6538193/?ftag=CAD-01-10abi2f
2026-02-14 21:08:27,956 - INFO - Content not relevant to GTA 6: https://www.gamespot.com/articles/fanaticals-lunar-new-year-sale-is-live-now-offering-deals-on-thousands-of-games/1100-6538193/?ftag=CAD-01-10abi2f
2026-02-14 21:08:27,956 - INFO - Extracting: https://www.gamespot.com/articles/cod-black-ops-7-and-warzone-patch-notes-detail-weapon-and-attachment-changes/1100-6538192/?ftag=CAD-01-10abi2f
2026-02-14 21:08:28,936 - INFO - Content not relevant to GTA 6: https://www.gamespot.com/articles/cod-black-ops-7-and-warzone-patch-notes-detail-weapon-and-attachment-changes/1100-6538192/?ftag=CAD-01-10abi2f
2026-02-14 21:08:28,936 - INFO - Extracting: https://www.gamespot.com/articles/blizzard-president-looks-to-the-future-and-admits-not-everythings-going-to-hit/1100-6538190/?ftag=CAD-01-10abi2f
2026-02-14 21:08:29,530 - INFO - Content not relevant to GTA 6: https://www.gamespot.com/articles/blizzard-president-looks-to-the-future-and-admits-not-everythings-going-to-hit/1100-6538190/?ftag=CAD-01-10abi2f
2026-02-14 21:08:29,530 - INFO - Extracting: https://www.gamespot.com/articles/diablo-4-lord-of-hatred-is-completely-removing-passive-skills/1100-6538191/?ftag=CAD-01-10abi2f
2026-02-14 21:08:30,459 - INFO - Content not relevant to GTA 6: https://www.gamespot.com/articles/diablo-4-lord-of-hatred-is-completely-removing-passive-skills/1100-6538191/?ftag=CAD-01-10abi2f
2026-02-14 21:08:30,459 - INFO - Extracting: https://www.gamespot.com/articles/you-can-now-spend-real-money-on-your-wow-house/1100-6538189/?ftag=CAD-01-10abi2f
2026-02-14 21:08:31,012 - INFO - Content not relevant to GTA 6: https://www.gamespot.com/articles/you-can-now-spend-real-money-on-your-wow-house/1100-6538189/?ftag=CAD-01-10abi2f
2026-02-14 21:08:31,012 - INFO - 
[4/6] Processing: https://www.eurogamer.net/?format=rss
2026-02-14 21:08:31,012 - INFO - Detected news site homepage: www.eurogamer.net
2026-02-14 21:08:31,012 - INFO - Fetching RSS feed: https://www.eurogamer.net/?format=rss
2026-02-14 21:08:33,431 - INFO - Found 10 articles in RSS feed
2026-02-14 21:08:33,432 - INFO - Extracting: https://www.eurogamer.net/discord-advises-uk-users-that-they-may-be-part-of-an-experiment-where-instead-of-their-age-verification-data-never-leaving-their-phone-it-will-now-actually-leave-their-phone
2026-02-14 21:08:34,367 - INFO - Content not relevant to GTA 6: https://www.eurogamer.net/discord-advises-uk-users-that-they-may-be-part-of-an-experiment-where-instead-of-their-age-verification-data-never-leaving-their-phone-it-will-now-actually-leave-their-phone
2026-02-14 21:08:34,367 - INFO - Extracting: https://www.eurogamer.net/clair-obscur-expedition-33-adds-yet-another-game-of-the-year-award-to-the-list-this-time-from-the-dice-awards
2026-02-14 21:08:35,071 - INFO - Content not relevant to GTA 6: https://www.eurogamer.net/clair-obscur-expedition-33-adds-yet-another-game-of-the-year-award-to-the-list-this-time-from-the-dice-awards
2026-02-14 21:08:35,071 - INFO - Extracting: https://www.eurogamer.net/gtfo-and-den-of-wolves-developer-10-chambers-confirms-large-number-of-layoffs-including-several-of-the-studios-co-founders
2026-02-14 21:08:35,890 - INFO - Content not relevant to GTA 6: https://www.eurogamer.net/gtfo-and-den-of-wolves-developer-10-chambers-confirms-large-number-of-layoffs-including-several-of-the-studios-co-founders
2026-02-14 21:08:35,890 - INFO - Extracting: https://www.eurogamer.net/steam-wants-you-to-share-your-pc-specs-on-your-reviews
2026-02-14 21:08:36,758 - INFO - Content not relevant to GTA 6: https://www.eurogamer.net/steam-wants-you-to-share-your-pc-specs-on-your-reviews
2026-02-14 21:08:36,758 - INFO - Extracting: https://www.eurogamer.net/why-is-there-such-a-bustling-community-around-marathons-soundtrack-when-the-game-isnt-even-out-yet-one-producer-tells-us-why
2026-02-14 21:08:37,777 - INFO - Content not relevant to GTA 6: https://www.eurogamer.net/why-is-there-such-a-bustling-community-around-marathons-soundtrack-when-the-game-isnt-even-out-yet-one-producer-tells-us-why
2026-02-14 21:08:37,777 - INFO - Extracting: https://www.eurogamer.net/what-weve-been-playing-i-think-my-brain-might-be-cooked
2026-02-14 21:08:38,476 - INFO - Content not relevant to GTA 6: https://www.eurogamer.net/what-weve-been-playing-i-think-my-brain-might-be-cooked
2026-02-14 21:08:38,476 - INFO - Extracting: https://www.eurogamer.net/millions-of-people-still-play-diablo-3-insists-blizzard
2026-02-14 21:08:39,288 - INFO - Content not relevant to GTA 6: https://www.eurogamer.net/millions-of-people-still-play-diablo-3-insists-blizzard
2026-02-14 21:08:39,288 - INFO - Extracting: https://www.eurogamer.net/reanimal-doesnt-exactly-disprove-co-op-is-the-enemy-of-horror-but-it-shows-theres-a-place-for-human-connection-too
2026-02-14 21:08:39,990 - INFO - Content not relevant to GTA 6: https://www.eurogamer.net/reanimal-doesnt-exactly-disprove-co-op-is-the-enemy-of-horror-but-it-shows-theres-a-place-for-human-connection-too
2026-02-14 21:08:39,990 - INFO - Extracting: https://www.eurogamer.net/nioh-3-gets-its-first-big-post-launch-patch-on-steam-and-playstation-5-and-it-mostly-affects-progress-halting-bugs
2026-02-14 21:08:41,492 - INFO - Content not relevant to GTA 6: https://www.eurogamer.net/nioh-3-gets-its-first-big-post-launch-patch-on-steam-and-playstation-5-and-it-mostly-affects-progress-halting-bugs
2026-02-14 21:08:41,492 - INFO - Extracting: https://www.eurogamer.net/worried-about-project-windless-and-generative-ai-dont-fret-krafton-says-the-game-is-not-using-generative-ai-for-content-creation-or-narrative-elements
2026-02-14 21:08:42,226 - INFO - Content not relevant to GTA 6: https://www.eurogamer.net/worried-about-project-windless-and-generative-ai-dont-fret-krafton-says-the-game-is-not-using-generative-ai-for-content-creation-or-narrative-elements
2026-02-14 21:08:42,226 - INFO - 
[5/6] Processing: https://kotaku.com/rss
2026-02-14 21:08:42,226 - INFO - Detected news site homepage: kotaku.com
2026-02-14 21:08:42,226 - INFO - Fetching RSS feed: https://kotaku.com/rss
2026-02-14 21:08:43,717 - INFO - Found 10 articles in RSS feed
2026-02-14 21:08:43,717 - INFO - Extracting: https://kotaku.com/den-wolves-layoffs-gtfo-game-awards-cyberpunk-2000668953
2026-02-14 21:08:45,444 - INFO - Content not relevant to GTA 6: https://kotaku.com/den-wolves-layoffs-gtfo-game-awards-cyberpunk-2000668953
2026-02-14 21:08:45,444 - INFO - Extracting: https://kotaku.com/discord-palantir-peter-thiel-persona-age-verification-2000668951
2026-02-14 21:08:46,365 - INFO - Content not relevant to GTA 6: https://kotaku.com/discord-palantir-peter-thiel-persona-age-verification-2000668951
2026-02-14 21:08:46,365 - INFO - Extracting: https://kotaku.com/diablo-4-blood-gaming-pc-blizzard-cooled-2000668947
2026-02-14 21:08:47,472 - INFO - Content not relevant to GTA 6: https://kotaku.com/diablo-4-blood-gaming-pc-blizzard-cooled-2000668947
2026-02-14 21:08:47,472 - INFO - Extracting: https://kotaku.com/high-on-life-2-tips-guide-tricks-things-to-know-before-playing-help-2000668776
2026-02-14 21:08:48,612 - INFO - Content not relevant to GTA 6: https://kotaku.com/high-on-life-2-tips-guide-tricks-things-to-know-before-playing-help-2000668776
2026-02-14 21:08:48,612 - INFO - Extracting: https://kotaku.com/super-mario-galaxy-movie-yoshi-popcorn-bucket-amc-regal-2000668765
2026-02-14 21:08:49,633 - INFO - Content not relevant to GTA 6: https://kotaku.com/super-mario-galaxy-movie-yoshi-popcorn-bucket-amc-regal-2000668765
2026-02-14 21:08:49,633 - INFO - Extracting: https://kotaku.com/call-of-duty-devs-know-safeguard-has-problems-and-are-looking-into-it-2000668703
2026-02-14 21:08:50,579 - INFO - Content not relevant to GTA 6: https://kotaku.com/call-of-duty-devs-know-safeguard-has-problems-and-are-looking-into-it-2000668703
2026-02-14 21:08:50,579 - INFO - Extracting: https://kotaku.com/perri-karyal-galvanic-vestibular-stimulation-elden-ring-2000668749
2026-02-14 21:08:51,691 - INFO - Content not relevant to GTA 6: https://kotaku.com/perri-karyal-galvanic-vestibular-stimulation-elden-ring-2000668749
2026-02-14 21:08:51,691 - INFO - Extracting: https://kotaku.com/the-metal-gear-solid-master-collection-finally-runs-at-60fps-on-switch-2-2000668726
2026-02-14 21:08:52,753 - INFO - Content not relevant to GTA 6: https://kotaku.com/the-metal-gear-solid-master-collection-finally-runs-at-60fps-on-switch-2-2000668726
2026-02-14 21:08:52,753 - INFO - Extracting: https://kotaku.com/stern-pinball-pokemon-table-price-7000-release-trailer-pikachu-meowth-2000668725
2026-02-14 21:08:53,728 - INFO - Content not relevant to GTA 6: https://kotaku.com/stern-pinball-pokemon-table-price-7000-release-trailer-pikachu-meowth-2000668725
2026-02-14 21:08:53,729 - INFO - Extracting: https://kotaku.com/mewgenics-voice-actor-credits-meows-ethan-hila-klein-2000668734
2026-02-14 21:08:54,689 - INFO - Content not relevant to GTA 6: https://kotaku.com/mewgenics-voice-actor-credits-meows-ethan-hila-klein-2000668734
2026-02-14 21:08:54,689 - INFO - 
[6/6] Processing: https://www.pcgamer.com/rss/
2026-02-14 21:08:54,689 - INFO - Detected news site homepage: www.pcgamer.com
2026-02-14 21:08:54,689 - INFO - Fetching RSS feed: https://www.pcgamer.com/rss/
2026-02-14 21:08:56,302 - INFO - Found 10 articles in RSS feed
2026-02-14 21:08:56,302 - INFO - Extracting: https://www.pcgamer.com/games/roguelike/mewgenics-provides-the-best-proof-yet-that-the-turn-based-tactics-genre-is-the-true-home-of-drama-and-excitement-in-gaming/
2026-02-14 21:08:57,486 - INFO - Content not relevant to GTA 6: https://www.pcgamer.com/games/roguelike/mewgenics-provides-the-best-proof-yet-that-the-turn-based-tactics-genre-is-the-true-home-of-drama-and-excitement-in-gaming/
2026-02-14 21:08:57,486 - INFO - Extracting: https://www.pcgamer.com/games/action/inside-pc-gamings-wildly-creative-tomb-raider-mapping-scene-being-able-to-create-my-own-adventures-for-other-people-to-play-is-such-an-addicting-concept/
2026-02-14 21:08:58,565 - INFO - Content not relevant to GTA 6: https://www.pcgamer.com/games/action/inside-pc-gamings-wildly-creative-tomb-raider-mapping-scene-being-able-to-create-my-own-adventures-for-other-people-to-play-is-such-an-addicting-concept/
2026-02-14 21:08:58,565 - INFO - Extracting: https://www.pcgamer.com/games/fps/the-overwatch-dating-sim-and-its-associated-rewards-are-back-for-a-limited-time-but-its-still-got-far-fewer-romances-than-its-china-exclusive-counterpart/
2026-02-14 21:08:59,727 - INFO - Content not relevant to GTA 6: https://www.pcgamer.com/games/fps/the-overwatch-dating-sim-and-its-associated-rewards-are-back-for-a-limited-time-but-its-still-got-far-fewer-romances-than-its-china-exclusive-counterpart/
2026-02-14 21:08:59,727 - INFO - Extracting: https://www.pcgamer.com/games/mmo/question-time-what-role-tank-healer-or-dps-do-you-actually-play-in-mmorpgs-and-why/
2026-02-14 21:09:00,797 - INFO - Content not relevant to GTA 6: https://www.pcgamer.com/games/mmo/question-time-what-role-tank-healer-or-dps-do-you-actually-play-in-mmorpgs-and-why/
2026-02-14 21:09:00,797 - INFO - Extracting: https://www.pcgamer.com/games/can-you-guess-which-videogame-these-potions-are-from/
2026-02-14 21:09:01,942 - INFO - Content not relevant to GTA 6: https://www.pcgamer.com/games/can-you-guess-which-videogame-these-potions-are-from/
2026-02-14 21:09:01,942 - INFO - Extracting: https://www.pcgamer.com/hardware/graphics-cards/digging-a-little-deeper-into-intels-xe3-architecture-shows-exactly-why-panther-lakes-igpu-is-good-its-basically-an-arc-a770-graphics-card-jammed-into-a-mobile-chip/
2026-02-14 21:09:03,732 - INFO - Content not relevant to GTA 6: https://www.pcgamer.com/hardware/graphics-cards/digging-a-little-deeper-into-intels-xe3-architecture-shows-exactly-why-panther-lakes-igpu-is-good-its-basically-an-arc-a770-graphics-card-jammed-into-a-mobile-chip/
2026-02-14 21:09:03,733 - INFO - Extracting: https://www.pcgamer.com/games/action/underrated-hack-n-slash-blades-of-fire-heads-to-steam-with-a-2-0-update-bringing-new-game-plus-and-expanded-death-and-mutilation-variations-for-you-sickos-out-there/
2026-02-14 21:09:05,411 - INFO - Content not relevant to GTA 6: https://www.pcgamer.com/games/action/underrated-hack-n-slash-blades-of-fire-heads-to-steam-with-a-2-0-update-bringing-new-game-plus-and-expanded-death-and-mutilation-variations-for-you-sickos-out-there/
2026-02-14 21:09:05,411 - INFO - Extracting: https://www.pcgamer.com/games/rpg/thqs-gothic-1-remake-arrives-in-june-and-i-think-it-might-prove-a-more-valuable-overhaul-than-oblivion-remastered/
2026-02-14 21:09:06,705 - INFO - Content not relevant to GTA 6: https://www.pcgamer.com/games/rpg/thqs-gothic-1-remake-arrives-in-june-and-i-think-it-might-prove-a-more-valuable-overhaul-than-oblivion-remastered/
2026-02-14 21:09:06,705 - INFO - Extracting: https://www.pcgamer.com/games/which-pc-gaming-icon-is-your-soulmate-this-valentines-day/
2026-02-14 21:09:08,191 - INFO - Content not relevant to GTA 6: https://www.pcgamer.com/games/which-pc-gaming-icon-is-your-soulmate-this-valentines-day/
2026-02-14 21:09:08,191 - INFO - Extracting: https://www.pcgamer.com/games/rpg/bloodlines-2s-valentines-patch-adds-further-customisation-options-and-lootable-blood-bags-because-nothing-says-i-love-you-like-the-vampire-equivalent-of-a-ready-meal/
2026-02-14 21:09:09,482 - INFO - Content not relevant to GTA 6: https://www.pcgamer.com/games/rpg/bloodlines-2s-valentines-patch-adds-further-customisation-options-and-lootable-blood-bags-because-nothing-says-i-love-you-like-the-vampire-equivalent-of-a-ready-meal/
2026-02-14 21:09:09,482 - INFO - 
================================================================================
2026-02-14 21:09:09,482 - INFO - Scraping completed!
2026-02-14 21:09:09,482 - INFO - ================================================================================
2026-02-14 21:15:37,726 - INFO - ================================================================================
2026-02-14 21:15:37,727 - INFO - GTA 6 News Scraper Started
2026-02-14 21:15:37,727 - INFO - ================================================================================
2026-02-14 21:15:37,727 - INFO - 
[1/17] Processing: https://www.rockstargames.com/newswire
2026-02-14 21:15:37,727 - INFO - Detected news site homepage: www.rockstargames.com
2026-02-14 21:15:37,727 - INFO - Fetching RSS feed: https://www.rockstargames.com/newswire.xml
2026-02-14 21:15:38,731 - INFO - Found 0 articles in RSS feed
2026-02-14 21:15:38,732 - INFO - 
[2/17] Processing: https://www.rockstargames.com/videos
2026-02-14 21:15:38,732 - INFO - Detected news site homepage: www.rockstargames.com
2026-02-14 21:15:38,732 - INFO - Fetching RSS feed: https://www.rockstargames.com/newswire.xml
2026-02-14 21:15:39,416 - INFO - Found 0 articles in RSS feed
2026-02-14 21:15:39,416 - INFO - 
[3/17] Processing: https://www.ign.com/games/grand-theft-auto-vi
2026-02-14 21:15:39,417 - INFO - Detected news site homepage: www.ign.com
2026-02-14 21:15:39,417 - INFO - Fetching RSS feed: https://www.ign.com/articles?tags=gta-6
2026-02-14 21:15:40,841 - INFO - Found 0 articles in RSS feed
2026-02-14 21:15:40,841 - INFO - 
[4/17] Processing: https://www.ign.com/search?q=gta+6
2026-02-14 21:15:40,841 - INFO - Detected news site homepage: www.ign.com
2026-02-14 21:15:40,841 - INFO - Fetching RSS feed: https://www.ign.com/articles?tags=gta-6
2026-02-14 21:15:42,286 - INFO - Found 0 articles in RSS feed
2026-02-14 21:15:42,286 - INFO - 
[5/17] Processing: https://www.gamespot.com/games/grand-theft-auto-vi/
2026-02-14 21:15:42,286 - INFO - Detected news site homepage: www.gamespot.com
2026-02-14 21:15:42,286 - INFO - Fetching RSS feed: https://www.gamespot.com/feeds/news/
2026-02-14 21:15:43,067 - INFO - Found 10 articles in RSS feed
2026-02-14 21:15:43,067 - INFO - Extracting: https://www.gamespot.com/articles/all-careers-in-the-sims-4-jobs-tips-and-how-to-get-promoted/1100-6531801/?ftag=CAD-01-10abi2f
2026-02-14 21:15:43,532 - INFO - Content not relevant to GTA 6: https://www.gamespot.com/articles/all-careers-in-the-sims-4-jobs-tips-and-how-to-get-promoted/1100-6531801/?ftag=CAD-01-10abi2f
2026-02-14 21:15:43,532 - INFO - Extracting: https://www.gamespot.com/articles/capcom-restores-free-viewing-option-for-street-fighter-world-championship-after-backlash/1100-6538195/?ftag=CAD-01-10abi2f
2026-02-14 21:15:43,804 - INFO - Content not relevant to GTA 6: https://www.gamespot.com/articles/capcom-restores-free-viewing-option-for-street-fighter-world-championship-after-backlash/1100-6538195/?ftag=CAD-01-10abi2f
2026-02-14 21:15:43,804 - INFO - Extracting: https://www.gamespot.com/articles/the-wandering-village-premium-collectors-edition-buying-guide/1100-6538141/?ftag=CAD-01-10abi2f
2026-02-14 21:15:44,084 - INFO - Content not relevant to GTA 6: https://www.gamespot.com/articles/the-wandering-village-premium-collectors-edition-buying-guide/1100-6538141/?ftag=CAD-01-10abi2f
2026-02-14 21:15:44,084 - INFO - Extracting: https://www.gamespot.com/articles/how-to-become-ruler-in-the-sims-4-royalty-and-legacy/1100-6538194/?ftag=CAD-01-10abi2f
2026-02-14 21:15:44,396 - INFO - Content not relevant to GTA 6: https://www.gamespot.com/articles/how-to-become-ruler-in-the-sims-4-royalty-and-legacy/1100-6538194/?ftag=CAD-01-10abi2f
2026-02-14 21:15:44,396 - INFO - Extracting: https://www.gamespot.com/articles/humble-love-you-to-death-bundle/1100-6538134/?ftag=CAD-01-10abi2f
2026-02-14 21:15:44,848 - INFO - Content not relevant to GTA 6: https://www.gamespot.com/articles/humble-love-you-to-death-bundle/1100-6538134/?ftag=CAD-01-10abi2f
2026-02-14 21:15:44,848 - INFO - Extracting: https://www.gamespot.com/articles/fanaticals-lunar-new-year-sale-is-live-now-offering-deals-on-thousands-of-games/1100-6538193/?ftag=CAD-01-10abi2f
2026-02-14 21:15:45,134 - INFO - Content not relevant to GTA 6: https://www.gamespot.com/articles/fanaticals-lunar-new-year-sale-is-live-now-offering-deals-on-thousands-of-games/1100-6538193/?ftag=CAD-01-10abi2f
2026-02-14 21:15:45,134 - INFO - Extracting: https://www.gamespot.com/articles/cod-black-ops-7-and-warzone-patch-notes-detail-weapon-and-attachment-changes/1100-6538192/?ftag=CAD-01-10abi2f
2026-02-14 21:15:45,476 - INFO - Content not relevant to GTA 6: https://www.gamespot.com/articles/cod-black-ops-7-and-warzone-patch-notes-detail-weapon-and-attachment-changes/1100-6538192/?ftag=CAD-01-10abi2f
2026-02-14 21:15:45,476 - INFO - Extracting: https://www.gamespot.com/articles/blizzard-president-looks-to-the-future-and-admits-not-everythings-going-to-hit/1100-6538190/?ftag=CAD-01-10abi2f
2026-02-14 21:15:45,858 - INFO - Content not relevant to GTA 6: https://www.gamespot.com/articles/blizzard-president-looks-to-the-future-and-admits-not-everythings-going-to-hit/1100-6538190/?ftag=CAD-01-10abi2f
2026-02-14 21:15:45,858 - INFO - Extracting: https://www.gamespot.com/articles/diablo-4-lord-of-hatred-is-completely-removing-passive-skills/1100-6538191/?ftag=CAD-01-10abi2f
2026-02-14 21:15:46,135 - INFO - Content not relevant to GTA 6: https://www.gamespot.com/articles/diablo-4-lord-of-hatred-is-completely-removing-passive-skills/1100-6538191/?ftag=CAD-01-10abi2f
2026-02-14 21:15:46,135 - INFO - Extracting: https://www.gamespot.com/articles/you-can-now-spend-real-money-on-your-wow-house/1100-6538189/?ftag=CAD-01-10abi2f
2026-02-14 21:15:46,446 - INFO - Content not relevant to GTA 6: https://www.gamespot.com/articles/you-can-now-spend-real-money-on-your-wow-house/1100-6538189/?ftag=CAD-01-10abi2f
2026-02-14 21:15:46,446 - INFO - 
[6/17] Processing: https://www.gamespot.com/search/?q=gta+6
2026-02-14 21:15:46,446 - INFO - Detected news site homepage: www.gamespot.com
2026-02-14 21:15:46,447 - INFO - Fetching RSS feed: https://www.gamespot.com/feeds/news/
2026-02-14 21:15:46,668 - INFO - Found 10 articles in RSS feed
2026-02-14 21:15:46,668 - INFO - Extracting: https://www.gamespot.com/articles/all-careers-in-the-sims-4-jobs-tips-and-how-to-get-promoted/1100-6531801/?ftag=CAD-01-10abi2f
2026-02-14 21:15:46,958 - INFO - Content not relevant to GTA 6: https://www.gamespot.com/articles/all-careers-in-the-sims-4-jobs-tips-and-how-to-get-promoted/1100-6531801/?ftag=CAD-01-10abi2f
2026-02-14 21:15:46,958 - INFO - Extracting: https://www.gamespot.com/articles/capcom-restores-free-viewing-option-for-street-fighter-world-championship-after-backlash/1100-6538195/?ftag=CAD-01-10abi2f
2026-02-14 21:15:47,259 - INFO - Content not relevant to GTA 6: https://www.gamespot.com/articles/capcom-restores-free-viewing-option-for-street-fighter-world-championship-after-backlash/1100-6538195/?ftag=CAD-01-10abi2f
2026-02-14 21:15:47,259 - INFO - Extracting: https://www.gamespot.com/articles/the-wandering-village-premium-collectors-edition-buying-guide/1100-6538141/?ftag=CAD-01-10abi2f
2026-02-14 21:15:47,517 - INFO - Content not relevant to GTA 6: https://www.gamespot.com/articles/the-wandering-village-premium-collectors-edition-buying-guide/1100-6538141/?ftag=CAD-01-10abi2f
2026-02-14 21:15:47,517 - INFO - Extracting: https://www.gamespot.com/articles/how-to-become-ruler-in-the-sims-4-royalty-and-legacy/1100-6538194/?ftag=CAD-01-10abi2f
2026-02-14 21:15:47,788 - INFO - Content not relevant to GTA 6: https://www.gamespot.com/articles/how-to-become-ruler-in-the-sims-4-royalty-and-legacy/1100-6538194/?ftag=CAD-01-10abi2f
2026-02-14 21:15:47,788 - INFO - Extracting: https://www.gamespot.com/articles/humble-love-you-to-death-bundle/1100-6538134/?ftag=CAD-01-10abi2f
2026-02-14 21:15:48,132 - INFO - Content not relevant to GTA 6: https://www.gamespot.com/articles/humble-love-you-to-death-bundle/1100-6538134/?ftag=CAD-01-10abi2f
2026-02-14 21:15:48,132 - INFO - Extracting: https://www.gamespot.com/articles/fanaticals-lunar-new-year-sale-is-live-now-offering-deals-on-thousands-of-games/1100-6538193/?ftag=CAD-01-10abi2f
2026-02-14 21:15:48,415 - INFO - Content not relevant to GTA 6: https://www.gamespot.com/articles/fanaticals-lunar-new-year-sale-is-live-now-offering-deals-on-thousands-of-games/1100-6538193/?ftag=CAD-01-10abi2f
2026-02-14 21:15:48,415 - INFO - Extracting: https://www.gamespot.com/articles/cod-black-ops-7-and-warzone-patch-notes-detail-weapon-and-attachment-changes/1100-6538192/?ftag=CAD-01-10abi2f
2026-02-14 21:15:48,947 - INFO - Content not relevant to GTA 6: https://www.gamespot.com/articles/cod-black-ops-7-and-warzone-patch-notes-detail-weapon-and-attachment-changes/1100-6538192/?ftag=CAD-01-10abi2f
2026-02-14 21:15:48,947 - INFO - Extracting: https://www.gamespot.com/articles/blizzard-president-looks-to-the-future-and-admits-not-everythings-going-to-hit/1100-6538190/?ftag=CAD-01-10abi2f
2026-02-14 21:15:49,244 - INFO - Content not relevant to GTA 6: https://www.gamespot.com/articles/blizzard-president-looks-to-the-future-and-admits-not-everythings-going-to-hit/1100-6538190/?ftag=CAD-01-10abi2f
2026-02-14 21:15:49,244 - INFO - Extracting: https://www.gamespot.com/articles/diablo-4-lord-of-hatred-is-completely-removing-passive-skills/1100-6538191/?ftag=CAD-01-10abi2f
2026-02-14 21:15:49,507 - INFO - Content not relevant to GTA 6: https://www.gamespot.com/articles/diablo-4-lord-of-hatred-is-completely-removing-passive-skills/1100-6538191/?ftag=CAD-01-10abi2f
2026-02-14 21:15:49,507 - INFO - Extracting: https://www.gamespot.com/articles/you-can-now-spend-real-money-on-your-wow-house/1100-6538189/?ftag=CAD-01-10abi2f
2026-02-14 21:15:49,814 - INFO - Content not relevant to GTA 6: https://www.gamespot.com/articles/you-can-now-spend-real-money-on-your-wow-house/1100-6538189/?ftag=CAD-01-10abi2f
2026-02-14 21:15:49,814 - INFO - 
[7/17] Processing: https://www.eurogamer.net/games/grand-theft-auto-6
2026-02-14 21:15:49,814 - INFO - Detected news site homepage: www.eurogamer.net
2026-02-14 21:15:49,814 - INFO - Fetching RSS feed: https://www.eurogamer.net/?format=rss
2026-02-14 21:15:52,001 - INFO - Found 10 articles in RSS feed
2026-02-14 21:15:52,001 - INFO - Extracting: https://www.eurogamer.net/discord-advises-uk-users-that-they-may-be-part-of-an-experiment-where-instead-of-their-age-verification-data-never-leaving-their-phone-it-will-now-actually-leave-their-phone
2026-02-14 21:15:52,797 - INFO - Content not relevant to GTA 6: https://www.eurogamer.net/discord-advises-uk-users-that-they-may-be-part-of-an-experiment-where-instead-of-their-age-verification-data-never-leaving-their-phone-it-will-now-actually-leave-their-phone
2026-02-14 21:15:52,797 - INFO - Extracting: https://www.eurogamer.net/clair-obscur-expedition-33-adds-yet-another-game-of-the-year-award-to-the-list-this-time-from-the-dice-awards
2026-02-14 21:15:53,817 - INFO - Content not relevant to GTA 6: https://www.eurogamer.net/clair-obscur-expedition-33-adds-yet-another-game-of-the-year-award-to-the-list-this-time-from-the-dice-awards
2026-02-14 21:15:53,818 - INFO - Extracting: https://www.eurogamer.net/gtfo-and-den-of-wolves-developer-10-chambers-confirms-large-number-of-layoffs-including-several-of-the-studios-co-founders
2026-02-14 21:15:54,632 - INFO - Content not relevant to GTA 6: https://www.eurogamer.net/gtfo-and-den-of-wolves-developer-10-chambers-confirms-large-number-of-layoffs-including-several-of-the-studios-co-founders
2026-02-14 21:15:54,632 - INFO - Extracting: https://www.eurogamer.net/steam-wants-you-to-share-your-pc-specs-on-your-reviews
2026-02-14 21:15:55,516 - INFO - Content not relevant to GTA 6: https://www.eurogamer.net/steam-wants-you-to-share-your-pc-specs-on-your-reviews
2026-02-14 21:15:55,516 - INFO - Extracting: https://www.eurogamer.net/why-is-there-such-a-bustling-community-around-marathons-soundtrack-when-the-game-isnt-even-out-yet-one-producer-tells-us-why
2026-02-14 21:15:56,427 - INFO - Content not relevant to GTA 6: https://www.eurogamer.net/why-is-there-such-a-bustling-community-around-marathons-soundtrack-when-the-game-isnt-even-out-yet-one-producer-tells-us-why
2026-02-14 21:15:56,427 - INFO - Extracting: https://www.eurogamer.net/what-weve-been-playing-i-think-my-brain-might-be-cooked
2026-02-14 21:15:57,185 - INFO - Content not relevant to GTA 6: https://www.eurogamer.net/what-weve-been-playing-i-think-my-brain-might-be-cooked
2026-02-14 21:15:57,185 - INFO - Extracting: https://www.eurogamer.net/millions-of-people-still-play-diablo-3-insists-blizzard
2026-02-14 21:15:57,862 - INFO - Content not relevant to GTA 6: https://www.eurogamer.net/millions-of-people-still-play-diablo-3-insists-blizzard
2026-02-14 21:15:57,862 - INFO - Extracting: https://www.eurogamer.net/reanimal-doesnt-exactly-disprove-co-op-is-the-enemy-of-horror-but-it-shows-theres-a-place-for-human-connection-too
2026-02-14 21:15:58,572 - INFO - Content not relevant to GTA 6: https://www.eurogamer.net/reanimal-doesnt-exactly-disprove-co-op-is-the-enemy-of-horror-but-it-shows-theres-a-place-for-human-connection-too
2026-02-14 21:15:58,573 - INFO - Extracting: https://www.eurogamer.net/nioh-3-gets-its-first-big-post-launch-patch-on-steam-and-playstation-5-and-it-mostly-affects-progress-halting-bugs
2026-02-14 21:15:59,421 - INFO - Content not relevant to GTA 6: https://www.eurogamer.net/nioh-3-gets-its-first-big-post-launch-patch-on-steam-and-playstation-5-and-it-mostly-affects-progress-halting-bugs
2026-02-14 21:15:59,421 - INFO - Extracting: https://www.eurogamer.net/worried-about-project-windless-and-generative-ai-dont-fret-krafton-says-the-game-is-not-using-generative-ai-for-content-creation-or-narrative-elements
2026-02-14 21:16:00,132 - INFO - Content not relevant to GTA 6: https://www.eurogamer.net/worried-about-project-windless-and-generative-ai-dont-fret-krafton-says-the-game-is-not-using-generative-ai-for-content-creation-or-narrative-elements
2026-02-14 21:16:00,132 - INFO - 
[8/17] Processing: https://www.eurogamer.net/search?q=gta+6
2026-02-14 21:16:00,133 - INFO - Detected news site homepage: www.eurogamer.net
2026-02-14 21:16:00,133 - INFO - Fetching RSS feed: https://www.eurogamer.net/?format=rss
2026-02-14 21:16:02,667 - INFO - Found 10 articles in RSS feed
2026-02-14 21:16:02,667 - INFO - Extracting: https://www.eurogamer.net/discord-advises-uk-users-that-they-may-be-part-of-an-experiment-where-instead-of-their-age-verification-data-never-leaving-their-phone-it-will-now-actually-leave-their-phone
2026-02-14 21:16:03,607 - INFO - Content not relevant to GTA 6: https://www.eurogamer.net/discord-advises-uk-users-that-they-may-be-part-of-an-experiment-where-instead-of-their-age-verification-data-never-leaving-their-phone-it-will-now-actually-leave-their-phone
2026-02-14 21:16:03,607 - INFO - Extracting: https://www.eurogamer.net/clair-obscur-expedition-33-adds-yet-another-game-of-the-year-award-to-the-list-this-time-from-the-dice-awards
2026-02-14 21:16:04,371 - INFO - Content not relevant to GTA 6: https://www.eurogamer.net/clair-obscur-expedition-33-adds-yet-another-game-of-the-year-award-to-the-list-this-time-from-the-dice-awards
2026-02-14 21:16:04,371 - INFO - Extracting: https://www.eurogamer.net/gtfo-and-den-of-wolves-developer-10-chambers-confirms-large-number-of-layoffs-including-several-of-the-studios-co-founders
2026-02-14 21:16:05,093 - INFO - Content not relevant to GTA 6: https://www.eurogamer.net/gtfo-and-den-of-wolves-developer-10-chambers-confirms-large-number-of-layoffs-including-several-of-the-studios-co-founders
2026-02-14 21:16:05,093 - INFO - Extracting: https://www.eurogamer.net/steam-wants-you-to-share-your-pc-specs-on-your-reviews
2026-02-14 21:16:05,760 - INFO - Content not relevant to GTA 6: https://www.eurogamer.net/steam-wants-you-to-share-your-pc-specs-on-your-reviews
2026-02-14 21:16:05,760 - INFO - Extracting: https://www.eurogamer.net/why-is-there-such-a-bustling-community-around-marathons-soundtrack-when-the-game-isnt-even-out-yet-one-producer-tells-us-why
2026-02-14 21:16:06,452 - INFO - Content not relevant to GTA 6: https://www.eurogamer.net/why-is-there-such-a-bustling-community-around-marathons-soundtrack-when-the-game-isnt-even-out-yet-one-producer-tells-us-why
2026-02-14 21:16:06,453 - INFO - Extracting: https://www.eurogamer.net/what-weve-been-playing-i-think-my-brain-might-be-cooked
2026-02-14 21:16:07,148 - INFO - Content not relevant to GTA 6: https://www.eurogamer.net/what-weve-been-playing-i-think-my-brain-might-be-cooked
2026-02-14 21:16:07,148 - INFO - Extracting: https://www.eurogamer.net/millions-of-people-still-play-diablo-3-insists-blizzard
2026-02-14 21:16:07,836 - INFO - Content not relevant to GTA 6: https://www.eurogamer.net/millions-of-people-still-play-diablo-3-insists-blizzard
2026-02-14 21:16:07,836 - INFO - Extracting: https://www.eurogamer.net/reanimal-doesnt-exactly-disprove-co-op-is-the-enemy-of-horror-but-it-shows-theres-a-place-for-human-connection-too
2026-02-14 21:16:08,550 - INFO - Content not relevant to GTA 6: https://www.eurogamer.net/reanimal-doesnt-exactly-disprove-co-op-is-the-enemy-of-horror-but-it-shows-theres-a-place-for-human-connection-too
2026-02-14 21:16:08,551 - INFO - Extracting: https://www.eurogamer.net/nioh-3-gets-its-first-big-post-launch-patch-on-steam-and-playstation-5-and-it-mostly-affects-progress-halting-bugs
2026-02-14 21:16:09,265 - INFO - Content not relevant to GTA 6: https://www.eurogamer.net/nioh-3-gets-its-first-big-post-launch-patch-on-steam-and-playstation-5-and-it-mostly-affects-progress-halting-bugs
2026-02-14 21:16:09,265 - INFO - Extracting: https://www.eurogamer.net/worried-about-project-windless-and-generative-ai-dont-fret-krafton-says-the-game-is-not-using-generative-ai-for-content-creation-or-narrative-elements
2026-02-14 21:16:09,939 - INFO - Content not relevant to GTA 6: https://www.eurogamer.net/worried-about-project-windless-and-generative-ai-dont-fret-krafton-says-the-game-is-not-using-generative-ai-for-content-creation-or-narrative-elements
2026-02-14 21:16:09,939 - INFO - 
[9/17] Processing: https://www.pcgamer.com/tag/gta-6/
2026-02-14 21:16:09,939 - INFO - Detected news site homepage: www.pcgamer.com
2026-02-14 21:16:09,940 - INFO - Fetching RSS feed: https://www.pcgamer.com/rss/
2026-02-14 21:16:11,386 - INFO - Found 10 articles in RSS feed
2026-02-14 21:16:11,386 - INFO - Extracting: https://www.pcgamer.com/games/roguelike/mewgenics-provides-the-best-proof-yet-that-the-turn-based-tactics-genre-is-the-true-home-of-drama-and-excitement-in-gaming/
2026-02-14 21:16:12,571 - INFO - Content not relevant to GTA 6: https://www.pcgamer.com/games/roguelike/mewgenics-provides-the-best-proof-yet-that-the-turn-based-tactics-genre-is-the-true-home-of-drama-and-excitement-in-gaming/
2026-02-14 21:16:12,571 - INFO - Extracting: https://www.pcgamer.com/games/action/inside-pc-gamings-wildly-creative-tomb-raider-mapping-scene-being-able-to-create-my-own-adventures-for-other-people-to-play-is-such-an-addicting-concept/
2026-02-14 21:16:13,751 - INFO - Content not relevant to GTA 6: https://www.pcgamer.com/games/action/inside-pc-gamings-wildly-creative-tomb-raider-mapping-scene-being-able-to-create-my-own-adventures-for-other-people-to-play-is-such-an-addicting-concept/
2026-02-14 21:16:13,751 - INFO - Extracting: https://www.pcgamer.com/games/fps/the-overwatch-dating-sim-and-its-associated-rewards-are-back-for-a-limited-time-but-its-still-got-far-fewer-romances-than-its-china-exclusive-counterpart/
2026-02-14 21:16:14,991 - INFO - Content not relevant to GTA 6: https://www.pcgamer.com/games/fps/the-overwatch-dating-sim-and-its-associated-rewards-are-back-for-a-limited-time-but-its-still-got-far-fewer-romances-than-its-china-exclusive-counterpart/
2026-02-14 21:16:14,992 - INFO - Extracting: https://www.pcgamer.com/games/mmo/question-time-what-role-tank-healer-or-dps-do-you-actually-play-in-mmorpgs-and-why/
2026-02-14 21:16:16,049 - INFO - Content not relevant to GTA 6: https://www.pcgamer.com/games/mmo/question-time-what-role-tank-healer-or-dps-do-you-actually-play-in-mmorpgs-and-why/
2026-02-14 21:16:16,049 - INFO - Extracting: https://www.pcgamer.com/games/can-you-guess-which-videogame-these-potions-are-from/
2026-02-14 21:16:17,124 - INFO - Content not relevant to GTA 6: https://www.pcgamer.com/games/can-you-guess-which-videogame-these-potions-are-from/
2026-02-14 21:16:17,124 - INFO - Extracting: https://www.pcgamer.com/hardware/graphics-cards/digging-a-little-deeper-into-intels-xe3-architecture-shows-exactly-why-panther-lakes-igpu-is-good-its-basically-an-arc-a770-graphics-card-jammed-into-a-mobile-chip/
2026-02-14 21:16:18,350 - INFO - Content not relevant to GTA 6: https://www.pcgamer.com/hardware/graphics-cards/digging-a-little-deeper-into-intels-xe3-architecture-shows-exactly-why-panther-lakes-igpu-is-good-its-basically-an-arc-a770-graphics-card-jammed-into-a-mobile-chip/
2026-02-14 21:16:18,350 - INFO - Extracting: https://www.pcgamer.com/games/action/underrated-hack-n-slash-blades-of-fire-heads-to-steam-with-a-2-0-update-bringing-new-game-plus-and-expanded-death-and-mutilation-variations-for-you-sickos-out-there/
2026-02-14 21:16:19,527 - INFO - Content not relevant to GTA 6: https://www.pcgamer.com/games/action/underrated-hack-n-slash-blades-of-fire-heads-to-steam-with-a-2-0-update-bringing-new-game-plus-and-expanded-death-and-mutilation-variations-for-you-sickos-out-there/
2026-02-14 21:16:19,527 - INFO - Extracting: https://www.pcgamer.com/games/rpg/thqs-gothic-1-remake-arrives-in-june-and-i-think-it-might-prove-a-more-valuable-overhaul-than-oblivion-remastered/
2026-02-14 21:16:20,676 - INFO - Content not relevant to GTA 6: https://www.pcgamer.com/games/rpg/thqs-gothic-1-remake-arrives-in-june-and-i-think-it-might-prove-a-more-valuable-overhaul-than-oblivion-remastered/
2026-02-14 21:16:20,677 - INFO - Extracting: https://www.pcgamer.com/games/which-pc-gaming-icon-is-your-soulmate-this-valentines-day/
2026-02-14 21:16:21,845 - INFO - Content not relevant to GTA 6: https://www.pcgamer.com/games/which-pc-gaming-icon-is-your-soulmate-this-valentines-day/
2026-02-14 21:16:21,845 - INFO - Extracting: https://www.pcgamer.com/games/rpg/bloodlines-2s-valentines-patch-adds-further-customisation-options-and-lootable-blood-bags-because-nothing-says-i-love-you-like-the-vampire-equivalent-of-a-ready-meal/
2026-02-14 21:16:22,915 - INFO - Content not relevant to GTA 6: https://www.pcgamer.com/games/rpg/bloodlines-2s-valentines-patch-adds-further-customisation-options-and-lootable-blood-bags-because-nothing-says-i-love-you-like-the-vampire-equivalent-of-a-ready-meal/
2026-02-14 21:16:22,915 - INFO - 
[10/17] Processing: https://www.pcgamer.com/search/?searchTerm=gta+6
2026-02-14 21:16:22,915 - INFO - Detected news site homepage: www.pcgamer.com
2026-02-14 21:16:22,915 - INFO - Fetching RSS feed: https://www.pcgamer.com/rss/
2026-02-14 21:16:23,936 - INFO - Found 10 articles in RSS feed
2026-02-14 21:16:23,936 - INFO - Extracting: https://www.pcgamer.com/games/roguelike/mewgenics-provides-the-best-proof-yet-that-the-turn-based-tactics-genre-is-the-true-home-of-drama-and-excitement-in-gaming/
2026-02-14 21:16:25,117 - INFO - Content not relevant to GTA 6: https://www.pcgamer.com/games/roguelike/mewgenics-provides-the-best-proof-yet-that-the-turn-based-tactics-genre-is-the-true-home-of-drama-and-excitement-in-gaming/
2026-02-14 21:16:25,117 - INFO - Extracting: https://www.pcgamer.com/games/action/inside-pc-gamings-wildly-creative-tomb-raider-mapping-scene-being-able-to-create-my-own-adventures-for-other-people-to-play-is-such-an-addicting-concept/
2026-02-14 21:16:26,190 - INFO - Content not relevant to GTA 6: https://www.pcgamer.com/games/action/inside-pc-gamings-wildly-creative-tomb-raider-mapping-scene-being-able-to-create-my-own-adventures-for-other-people-to-play-is-such-an-addicting-concept/
2026-02-14 21:16:26,190 - INFO - Extracting: https://www.pcgamer.com/games/fps/the-overwatch-dating-sim-and-its-associated-rewards-are-back-for-a-limited-time-but-its-still-got-far-fewer-romances-than-its-china-exclusive-counterpart/
2026-02-14 21:16:27,641 - INFO - Content not relevant to GTA 6: https://www.pcgamer.com/games/fps/the-overwatch-dating-sim-and-its-associated-rewards-are-back-for-a-limited-time-but-its-still-got-far-fewer-romances-than-its-china-exclusive-counterpart/
2026-02-14 21:16:27,642 - INFO - Extracting: https://www.pcgamer.com/games/mmo/question-time-what-role-tank-healer-or-dps-do-you-actually-play-in-mmorpgs-and-why/
2026-02-14 21:16:29,076 - INFO - Content not relevant to GTA 6: https://www.pcgamer.com/games/mmo/question-time-what-role-tank-healer-or-dps-do-you-actually-play-in-mmorpgs-and-why/
2026-02-14 21:16:29,077 - INFO - Extracting: https://www.pcgamer.com/games/can-you-guess-which-videogame-these-potions-are-from/
2026-02-14 21:16:30,908 - INFO - Content not relevant to GTA 6: https://www.pcgamer.com/games/can-you-guess-which-videogame-these-potions-are-from/
2026-02-14 21:16:30,908 - INFO - Extracting: https://www.pcgamer.com/hardware/graphics-cards/digging-a-little-deeper-into-intels-xe3-architecture-shows-exactly-why-panther-lakes-igpu-is-good-its-basically-an-arc-a770-graphics-card-jammed-into-a-mobile-chip/
2026-02-14 21:16:32,123 - INFO - Content not relevant to GTA 6: https://www.pcgamer.com/hardware/graphics-cards/digging-a-little-deeper-into-intels-xe3-architecture-shows-exactly-why-panther-lakes-igpu-is-good-its-basically-an-arc-a770-graphics-card-jammed-into-a-mobile-chip/
2026-02-14 21:16:32,123 - INFO - Extracting: https://www.pcgamer.com/games/action/underrated-hack-n-slash-blades-of-fire-heads-to-steam-with-a-2-0-update-bringing-new-game-plus-and-expanded-death-and-mutilation-variations-for-you-sickos-out-there/
2026-02-14 21:16:33,191 - INFO - Content not relevant to GTA 6: https://www.pcgamer.com/games/action/underrated-hack-n-slash-blades-of-fire-heads-to-steam-with-a-2-0-update-bringing-new-game-plus-and-expanded-death-and-mutilation-variations-for-you-sickos-out-there/
2026-02-14 21:16:33,191 - INFO - Extracting: https://www.pcgamer.com/games/rpg/thqs-gothic-1-remake-arrives-in-june-and-i-think-it-might-prove-a-more-valuable-overhaul-than-oblivion-remastered/
2026-02-14 21:16:34,351 - INFO - Content not relevant to GTA 6: https://www.pcgamer.com/games/rpg/thqs-gothic-1-remake-arrives-in-june-and-i-think-it-might-prove-a-more-valuable-overhaul-than-oblivion-remastered/
2026-02-14 21:16:34,351 - INFO - Extracting: https://www.pcgamer.com/games/which-pc-gaming-icon-is-your-soulmate-this-valentines-day/
2026-02-14 21:16:35,618 - INFO - Content not relevant to GTA 6: https://www.pcgamer.com/games/which-pc-gaming-icon-is-your-soulmate-this-valentines-day/
2026-02-14 21:16:35,618 - INFO - Extracting: https://www.pcgamer.com/games/rpg/bloodlines-2s-valentines-patch-adds-further-customisation-options-and-lootable-blood-bags-because-nothing-says-i-love-you-like-the-vampire-equivalent-of-a-ready-meal/
2026-02-14 21:16:36,918 - INFO - Content not relevant to GTA 6: https://www.pcgamer.com/games/rpg/bloodlines-2s-valentines-patch-adds-further-customisation-options-and-lootable-blood-bags-because-nothing-says-i-love-you-like-the-vampire-equivalent-of-a-ready-meal/
2026-02-14 21:16:36,918 - INFO - 
[11/17] Processing: https://kotaku.com/tag/gta-6
2026-02-14 21:16:36,918 - INFO - Detected news site homepage: kotaku.com
2026-02-14 21:16:36,918 - INFO - Fetching RSS feed: https://kotaku.com/rss
2026-02-14 21:16:38,346 - INFO - Found 10 articles in RSS feed
2026-02-14 21:16:38,346 - INFO - Extracting: https://kotaku.com/saudi-arabia-bytedance-moonton-acecraft-mobile-ea-2000668972
2026-02-14 21:16:39,841 - INFO - Content not relevant to GTA 6: https://kotaku.com/saudi-arabia-bytedance-moonton-acecraft-mobile-ea-2000668972
2026-02-14 21:16:39,841 - INFO - Extracting: https://kotaku.com/den-wolves-layoffs-gtfo-game-awards-cyberpunk-2000668953
2026-02-14 21:16:40,842 - INFO - Content not relevant to GTA 6: https://kotaku.com/den-wolves-layoffs-gtfo-game-awards-cyberpunk-2000668953
2026-02-14 21:16:40,842 - INFO - Extracting: https://kotaku.com/discord-palantir-peter-thiel-persona-age-verification-2000668951
2026-02-14 21:16:42,028 - INFO - Content not relevant to GTA 6: https://kotaku.com/discord-palantir-peter-thiel-persona-age-verification-2000668951
2026-02-14 21:16:42,028 - INFO - Extracting: https://kotaku.com/diablo-4-blood-gaming-pc-blizzard-cooled-2000668947
2026-02-14 21:16:43,130 - INFO - Content not relevant to GTA 6: https://kotaku.com/diablo-4-blood-gaming-pc-blizzard-cooled-2000668947
2026-02-14 21:16:43,130 - INFO - Extracting: https://kotaku.com/high-on-life-2-tips-guide-tricks-things-to-know-before-playing-help-2000668776
2026-02-14 21:16:44,286 - INFO - Content not relevant to GTA 6: https://kotaku.com/high-on-life-2-tips-guide-tricks-things-to-know-before-playing-help-2000668776
2026-02-14 21:16:44,286 - INFO - Extracting: https://kotaku.com/super-mario-galaxy-movie-yoshi-popcorn-bucket-amc-regal-2000668765
2026-02-14 21:16:45,529 - INFO - Content not relevant to GTA 6: https://kotaku.com/super-mario-galaxy-movie-yoshi-popcorn-bucket-amc-regal-2000668765
2026-02-14 21:16:45,529 - INFO - Extracting: https://kotaku.com/call-of-duty-devs-know-safeguard-has-problems-and-are-looking-into-it-2000668703
2026-02-14 21:16:46,661 - INFO - Content not relevant to GTA 6: https://kotaku.com/call-of-duty-devs-know-safeguard-has-problems-and-are-looking-into-it-2000668703
2026-02-14 21:16:46,661 - INFO - Extracting: https://kotaku.com/perri-karyal-galvanic-vestibular-stimulation-elden-ring-2000668749
2026-02-14 21:16:47,881 - INFO - Content not relevant to GTA 6: https://kotaku.com/perri-karyal-galvanic-vestibular-stimulation-elden-ring-2000668749
2026-02-14 21:16:47,881 - INFO - Extracting: https://kotaku.com/the-metal-gear-solid-master-collection-finally-runs-at-60fps-on-switch-2-2000668726
2026-02-14 21:16:48,939 - INFO - Content not relevant to GTA 6: https://kotaku.com/the-metal-gear-solid-master-collection-finally-runs-at-60fps-on-switch-2-2000668726
2026-02-14 21:16:48,939 - INFO - Extracting: https://kotaku.com/stern-pinball-pokemon-table-price-7000-release-trailer-pikachu-meowth-2000668725
2026-02-14 21:16:50,015 - INFO - Content not relevant to GTA 6: https://kotaku.com/stern-pinball-pokemon-table-price-7000-release-trailer-pikachu-meowth-2000668725
2026-02-14 21:16:50,015 - INFO - 
[12/17] Processing: https://kotaku.com/search?q=gta+6
2026-02-14 21:16:50,015 - INFO - Detected news site homepage: kotaku.com
2026-02-14 21:16:50,015 - INFO - Fetching RSS feed: https://kotaku.com/rss
2026-02-14 21:16:51,434 - INFO - Found 10 articles in RSS feed
2026-02-14 21:16:51,434 - INFO - Extracting: https://kotaku.com/saudi-arabia-bytedance-moonton-acecraft-mobile-ea-2000668972
2026-02-14 21:16:52,693 - INFO - Content not relevant to GTA 6: https://kotaku.com/saudi-arabia-bytedance-moonton-acecraft-mobile-ea-2000668972
2026-02-14 21:16:52,693 - INFO - Extracting: https://kotaku.com/den-wolves-layoffs-gtfo-game-awards-cyberpunk-2000668953
2026-02-14 21:16:54,229 - INFO - Content not relevant to GTA 6: https://kotaku.com/den-wolves-layoffs-gtfo-game-awards-cyberpunk-2000668953
2026-02-14 21:16:54,229 - INFO - Extracting: https://kotaku.com/discord-palantir-peter-thiel-persona-age-verification-2000668951
2026-02-14 21:16:55,359 - INFO - Content not relevant to GTA 6: https://kotaku.com/discord-palantir-peter-thiel-persona-age-verification-2000668951
2026-02-14 21:16:55,359 - INFO - Extracting: https://kotaku.com/diablo-4-blood-gaming-pc-blizzard-cooled-2000668947
2026-02-14 21:16:56,583 - INFO - Content not relevant to GTA 6: https://kotaku.com/diablo-4-blood-gaming-pc-blizzard-cooled-2000668947
2026-02-14 21:16:56,583 - INFO - Extracting: https://kotaku.com/high-on-life-2-tips-guide-tricks-things-to-know-before-playing-help-2000668776
2026-02-14 21:16:57,709 - INFO - Content not relevant to GTA 6: https://kotaku.com/high-on-life-2-tips-guide-tricks-things-to-know-before-playing-help-2000668776
2026-02-14 21:16:57,710 - INFO - Extracting: https://kotaku.com/super-mario-galaxy-movie-yoshi-popcorn-bucket-amc-regal-2000668765
2026-02-14 21:16:58,835 - INFO - Content not relevant to GTA 6: https://kotaku.com/super-mario-galaxy-movie-yoshi-popcorn-bucket-amc-regal-2000668765
2026-02-14 21:16:58,835 - INFO - Extracting: https://kotaku.com/call-of-duty-devs-know-safeguard-has-problems-and-are-looking-into-it-2000668703
2026-02-14 21:17:00,372 - INFO - Content not relevant to GTA 6: https://kotaku.com/call-of-duty-devs-know-safeguard-has-problems-and-are-looking-into-it-2000668703
2026-02-14 21:17:00,373 - INFO - Extracting: https://kotaku.com/perri-karyal-galvanic-vestibular-stimulation-elden-ring-2000668749
2026-02-14 21:17:01,805 - INFO - Content not relevant to GTA 6: https://kotaku.com/perri-karyal-galvanic-vestibular-stimulation-elden-ring-2000668749
2026-02-14 21:17:01,805 - INFO - Extracting: https://kotaku.com/the-metal-gear-solid-master-collection-finally-runs-at-60fps-on-switch-2-2000668726
2026-02-14 21:17:03,250 - INFO - Content not relevant to GTA 6: https://kotaku.com/the-metal-gear-solid-master-collection-finally-runs-at-60fps-on-switch-2-2000668726
2026-02-14 21:17:03,250 - INFO - Extracting: https://kotaku.com/stern-pinball-pokemon-table-price-7000-release-trailer-pikachu-meowth-2000668725
2026-02-14 21:17:05,298 - INFO - Content not relevant to GTA 6: https://kotaku.com/stern-pinball-pokemon-table-price-7000-release-trailer-pikachu-meowth-2000668725
2026-02-14 21:17:05,299 - INFO - 
[13/17] Processing: https://www.reddit.com/r/GTA6/new/
2026-02-14 21:17:05,299 - WARNING - ⚠ Skipping social media/forum (needs API): https://www.reddit.com/r/GTA6/new/
2026-02-14 21:17:05,299 - INFO -    → Add specific article URLs instead of homepages
2026-02-14 21:17:05,299 - INFO - 
[14/17] Processing: https://www.reddit.com/search/?q=gta%206
2026-02-14 21:17:05,299 - WARNING - ⚠ Skipping social media/forum (needs API): https://www.reddit.com/search/?q=gta%206
2026-02-14 21:17:05,299 - INFO -    → Add specific article URLs instead of homepages
2026-02-14 21:17:05,299 - INFO - 
[15/17] Processing: https://gtaforums.com/forum/285-grand-theft-auto-vi/
2026-02-14 21:17:05,299 - WARNING - ⚠ Skipping social media/forum (needs API): https://gtaforums.com/forum/285-grand-theft-auto-vi/
2026-02-14 21:17:05,299 - INFO -    → Add specific article URLs instead of homepages
2026-02-14 21:17:05,299 - INFO - 
[16/17] Processing: https://gtaforums.com/search/?q=gta+6
2026-02-14 21:17:05,299 - WARNING - ⚠ Skipping social media/forum (needs API): https://gtaforums.com/search/?q=gta+6
2026-02-14 21:17:05,299 - INFO -    → Add specific article URLs instead of homepages
2026-02-14 21:17:05,299 - INFO - 
[17/17] Processing: https://x.com/search?q=gta%206&src=typed_query
2026-02-14 21:17:05,299 - WARNING - ⚠ Skipping social media/forum (needs API): https://x.com/search?q=gta%206&src=typed_query
2026-02-14 21:17:05,299 - INFO -    → Add specific article URLs instead of homepages
2026-02-14 21:17:05,299 - INFO - 
================================================================================
2026-02-14 21:17:05,299 - INFO - Scraping completed!
2026-02-14 21:17:05,299 - INFO - ================================================================================
2026-02-14 21:19:22,112 - INFO - ================================================================================
2026-02-14 21:19:22,112 - INFO - GTA 6 News Scraper Started
2026-02-14 21:19:22,112 - INFO - ================================================================================
2026-02-14 21:19:22,112 - INFO - 
[1/1] Processing: https://www.gamespot.com/articles/gta-6-could-bring-in-this-staggering-amount-of-money/1100-6538137/
2026-02-14 21:19:22,112 - INFO - Detected news site homepage: www.gamespot.com
2026-02-14 21:19:22,112 - INFO - Fetching RSS feed: https://www.gamespot.com/feeds/news/
2026-02-14 21:19:22,369 - INFO - Found 10 articles in RSS feed
2026-02-14 21:19:22,370 - INFO - Extracting: https://www.gamespot.com/articles/all-careers-in-the-sims-4-jobs-tips-and-how-to-get-promoted/1100-6531801/?ftag=CAD-01-10abi2f
2026-02-14 21:19:22,712 - INFO - Content not relevant to GTA 6: https://www.gamespot.com/articles/all-careers-in-the-sims-4-jobs-tips-and-how-to-get-promoted/1100-6531801/?ftag=CAD-01-10abi2f
2026-02-14 21:19:22,713 - INFO - Extracting: https://www.gamespot.com/articles/capcom-restores-free-viewing-option-for-street-fighter-world-championship-after-backlash/1100-6538195/?ftag=CAD-01-10abi2f
2026-02-14 21:19:22,991 - INFO - Content not relevant to GTA 6: https://www.gamespot.com/articles/capcom-restores-free-viewing-option-for-street-fighter-world-championship-after-backlash/1100-6538195/?ftag=CAD-01-10abi2f
2026-02-14 21:19:22,991 - INFO - Extracting: https://www.gamespot.com/articles/the-wandering-village-premium-collectors-edition-buying-guide/1100-6538141/?ftag=CAD-01-10abi2f
2026-02-14 21:19:23,310 - INFO - Content not relevant to GTA 6: https://www.gamespot.com/articles/the-wandering-village-premium-collectors-edition-buying-guide/1100-6538141/?ftag=CAD-01-10abi2f
2026-02-14 21:19:23,310 - INFO - Extracting: https://www.gamespot.com/articles/how-to-become-ruler-in-the-sims-4-royalty-and-legacy/1100-6538194/?ftag=CAD-01-10abi2f
2026-02-14 21:19:23,587 - INFO - Content not relevant to GTA 6: https://www.gamespot.com/articles/how-to-become-ruler-in-the-sims-4-royalty-and-legacy/1100-6538194/?ftag=CAD-01-10abi2f
2026-02-14 21:19:23,587 - INFO - Extracting: https://www.gamespot.com/articles/humble-love-you-to-death-bundle/1100-6538134/?ftag=CAD-01-10abi2f
2026-02-14 21:19:23,851 - INFO - Content not relevant to GTA 6: https://www.gamespot.com/articles/humble-love-you-to-death-bundle/1100-6538134/?ftag=CAD-01-10abi2f
2026-02-14 21:19:23,851 - INFO - Extracting: https://www.gamespot.com/articles/fanaticals-lunar-new-year-sale-is-live-now-offering-deals-on-thousands-of-games/1100-6538193/?ftag=CAD-01-10abi2f
2026-02-14 21:19:24,181 - INFO - Content not relevant to GTA 6: https://www.gamespot.com/articles/fanaticals-lunar-new-year-sale-is-live-now-offering-deals-on-thousands-of-games/1100-6538193/?ftag=CAD-01-10abi2f
2026-02-14 21:19:24,181 - INFO - Extracting: https://www.gamespot.com/articles/cod-black-ops-7-and-warzone-patch-notes-detail-weapon-and-attachment-changes/1100-6538192/?ftag=CAD-01-10abi2f
2026-02-14 21:19:24,544 - INFO - Content not relevant to GTA 6: https://www.gamespot.com/articles/cod-black-ops-7-and-warzone-patch-notes-detail-weapon-and-attachment-changes/1100-6538192/?ftag=CAD-01-10abi2f
2026-02-14 21:19:24,544 - INFO - Extracting: https://www.gamespot.com/articles/blizzard-president-looks-to-the-future-and-admits-not-everythings-going-to-hit/1100-6538190/?ftag=CAD-01-10abi2f
2026-02-14 21:19:24,931 - INFO - Content not relevant to GTA 6: https://www.gamespot.com/articles/blizzard-president-looks-to-the-future-and-admits-not-everythings-going-to-hit/1100-6538190/?ftag=CAD-01-10abi2f
2026-02-14 21:19:24,931 - INFO - Extracting: https://www.gamespot.com/articles/diablo-4-lord-of-hatred-is-completely-removing-passive-skills/1100-6538191/?ftag=CAD-01-10abi2f
2026-02-14 21:19:25,230 - INFO - Content not relevant to GTA 6: https://www.gamespot.com/articles/diablo-4-lord-of-hatred-is-completely-removing-passive-skills/1100-6538191/?ftag=CAD-01-10abi2f
2026-02-14 21:19:25,230 - INFO - Extracting: https://www.gamespot.com/articles/you-can-now-spend-real-money-on-your-wow-house/1100-6538189/?ftag=CAD-01-10abi2f
2026-02-14 21:19:25,568 - INFO - Content not relevant to GTA 6: https://www.gamespot.com/articles/you-can-now-spend-real-money-on-your-wow-house/1100-6538189/?ftag=CAD-01-10abi2f
2026-02-14 21:19:25,568 - INFO - 
================================================================================
2026-02-14 21:19:25,568 - INFO - Scraping completed!
2026-02-14 21:19:25,568 - INFO - ================================================================================
2026-02-14 21:25:14,611 - INFO - ================================================================================
2026-02-14 21:25:14,612 - INFO - GTA 6 News Scraper Started
2026-02-14 21:25:14,612 - INFO - ================================================================================
2026-02-14 21:25:14,612 - INFO - 
[1/1] Processing: https://www.gamespot.com/articles/gta-6-could-bring-in-this-staggering-amount-of-money/1100-6538137/
2026-02-14 21:25:14,612 - INFO - Extracting: https://www.gamespot.com/articles/gta-6-could-bring-in-this-staggering-amount-of-money/1100-6538137/
2026-02-14 21:25:15,802 - INFO - ✓ Saved: GTA 6 Could Bring In This Staggering Amount Of Mon... (492 words)
2026-02-14 21:25:15,802 - INFO - 
================================================================================
2026-02-14 21:25:15,802 - INFO - Scraping completed!
2026-02-14 21:25:15,802 - INFO - ================================================================================
2026-02-14 21:29:43,934 - INFO - ================================================================================
2026-02-14 21:29:43,935 - INFO - GTA 6 News Scraper Started
2026-02-14 21:29:43,935 - INFO - ================================================================================
2026-02-14 21:29:43,935 - INFO - 
[1/32] Processing: https://www.gamespot.com/articles/gta-6-could-bring-in-this-staggering-amount-of-money/1100-6538137/
2026-02-14 21:29:43,935 - INFO - Extracting: https://www.gamespot.com/articles/gta-6-could-bring-in-this-staggering-amount-of-money/1100-6538137/
2026-02-14 21:29:44,331 - INFO - ✓ Saved: GTA 6 Could Bring In This Staggering Amount Of Mon... (401 words)
2026-02-14 21:29:44,331 - INFO - 
[2/32] Processing: https://www.gamespot.com/articles/gta-6-release-date-might-be-coming-into-focus/1100-6529480/
2026-02-14 21:29:44,331 - INFO - Extracting: https://www.gamespot.com/articles/gta-6-release-date-might-be-coming-into-focus/1100-6529480/
2026-02-14 21:29:45,562 - INFO - ✓ Saved: GTA 6 Release Date Might Be Coming Into Focus... (1591 words)
2026-02-14 21:29:45,562 - INFO - 
[3/32] Processing: https://www.gamespot.com/articles/gta-6-remains-set-for-fall-2025/1100-6525654/
2026-02-14 21:29:45,562 - INFO - Extracting: https://www.gamespot.com/articles/gta-6-remains-set-for-fall-2025/1100-6525654/
2026-02-14 21:29:45,934 - WARNING - Failed to extract: https://www.gamespot.com/articles/gta-6-remains-set-for-fall-2025/1100-6525654/
2026-02-14 21:29:45,934 - INFO - 
[4/32] Processing: https://www.gamespot.com/articles/grand-theft-auto-6-is-still-on-track-for-fall-2025-release/1100-6527618/
2026-02-14 21:29:45,934 - INFO - Extracting: https://www.gamespot.com/articles/grand-theft-auto-6-is-still-on-track-for-fall-2025-release/1100-6527618/
2026-02-14 21:29:47,185 - INFO - ✓ Saved: Grand Theft Auto 6 Is Still On Track For Fall 2025... (293 words)
2026-02-14 21:29:47,186 - INFO - 
[5/32] Processing: https://www.gamespot.com/articles/gta-6-still-on-track-for-november-release/1100-6537831/
2026-02-14 21:29:47,186 - INFO - Extracting: https://www.gamespot.com/articles/gta-6-still-on-track-for-november-release/1100-6537831/
2026-02-14 21:29:48,106 - INFO - ✓ Saved: GTA 6 Still On Track For November Release, Marketi... (302 words)
2026-02-14 21:29:48,106 - INFO - 
[6/32] Processing: https://www.gamespot.com/articles/grand-theft-auto-6-everything-we-know/1100-6503729/
2026-02-14 21:29:48,106 - INFO - Extracting: https://www.gamespot.com/articles/grand-theft-auto-6-everything-we-know/1100-6503729/
2026-02-14 21:29:49,249 - INFO - ✓ Saved: GTA 6 Release Date Delay To November 2026, Trailer... (1986 words)
2026-02-14 21:29:49,250 - INFO - 
[7/32] Processing: https://www.gamespot.com/articles/gta-6-might-release-as-soon-as-2024-take-two-suggests/1100-6514295/
2026-02-14 21:29:49,250 - INFO - Extracting: https://www.gamespot.com/articles/gta-6-might-release-as-soon-as-2024-take-two-suggests/1100-6514295/
2026-02-14 21:29:50,465 - INFO - ✓ Saved: GTA 6 Might Release As Soon As 2024, Take-Two Sugg... (292 words)
2026-02-14 21:29:50,465 - INFO - 
[8/32] Processing: https://www.gamespot.com/articles/take-two-hints-at-late-2024-or-early-2025-release-for-gta-6/1100-6516687/
2026-02-14 21:29:50,465 - INFO - Extracting: https://www.gamespot.com/articles/take-two-hints-at-late-2024-or-early-2025-release-for-gta-6/1100-6516687/
2026-02-14 21:29:51,956 - INFO - ✓ Saved: Take-Two Hints At Late 2024 Or Early 2025 Release ... (419 words)
2026-02-14 21:29:51,956 - INFO - 
[9/32] Processing: https://www.gamespot.com/articles/gta-6-release-date-not-being-revealed-yet-could-be-disastrous-for-some-analyst-says/1100-6530312/
2026-02-14 21:29:51,956 - INFO - Extracting: https://www.gamespot.com/articles/gta-6-release-date-not-being-revealed-yet-could-be-disastrous-for-some-analyst-says/1100-6530312/
2026-02-14 21:29:53,057 - INFO - ✓ Saved: GTA 6 Release Date Not Being Revealed Yet Could Be... (419 words)
2026-02-14 21:29:53,057 - INFO - 
[10/32] Processing: https://www.gamespot.com/articles/the-gta-6-trailer-was-released-one-year-ago-today-and-fans-are-still-waiting-for-anything-more/1100-6528248/
2026-02-14 21:29:53,057 - INFO - Extracting: https://www.gamespot.com/articles/the-gta-6-trailer-was-released-one-year-ago-today-and-fans-are-still-waiting-for-anything-more/1100-6528248/
2026-02-14 21:29:54,097 - INFO - ✓ Saved: The GTA 6 Trailer Was Released One Year Ago Today,... (1565 words)
2026-02-14 21:29:54,097 - INFO - 
[11/32] Processing: https://www.gamespot.com/articles/gta-6-was-revealed-four-years-ago-today/1100-6537916/
2026-02-14 21:29:54,097 - INFO - Extracting: https://www.gamespot.com/articles/gta-6-was-revealed-four-years-ago-today/1100-6537916/
2026-02-14 21:29:55,507 - INFO - ✓ Saved: GTA 6 Was Revealed Four Years Ago Today... (342 words)
2026-02-14 21:29:55,507 - INFO - 
[12/32] Processing: https://www.gamespot.com/articles/gta-6-will-be-available-on-as-a-physical-release-on-day-one-take-two-confirms/1100-6537898/
2026-02-14 21:29:55,507 - INFO - Extracting: https://www.gamespot.com/articles/gta-6-will-be-available-on-as-a-physical-release-on-day-one-take-two-confirms/1100-6537898/
2026-02-14 21:29:56,638 - INFO - ✓ Saved: GTA 6 Will Be Available On As A Physical Release O... (307 words)
2026-02-14 21:29:56,638 - INFO - 
[13/32] Processing: https://www.gamespot.com/articles/the-game-awards-2026-sets-a-date-and-gta-6-looms-large/1100-6537869/
2026-02-14 21:29:56,638 - INFO - Extracting: https://www.gamespot.com/articles/the-game-awards-2026-sets-a-date-and-gta-6-looms-large/1100-6537869/
2026-02-14 21:29:57,643 - INFO - ✓ Saved: The Game Awards 2026 Sets A Date, And GTA 6 Looms ... (254 words)
2026-02-14 21:29:57,643 - INFO - 
[14/32] Processing: https://www.pcgamer.com/games/grand-theft-auto/gta-2025-release-date-probably-not/
2026-02-14 21:29:57,643 - INFO - Extracting: https://www.pcgamer.com/games/grand-theft-auto/gta-2025-release-date-probably-not/
2026-02-14 21:30:00,142 - INFO - ✓ Saved: Will GTA 6 keep its 2025 release date? 20 years of... (1201 words)
2026-02-14 21:30:00,142 - INFO - 
[15/32] Processing: https://www.pcgamer.com/games/grand-theft-auto/grand-theft-auto-6-delayed-until-may-2026/
2026-02-14 21:30:00,143 - INFO - Extracting: https://www.pcgamer.com/games/grand-theft-auto/grand-theft-auto-6-delayed-until-may-2026/
2026-02-14 21:30:01,865 - INFO - ✓ Saved: Grand Theft Auto 6 delayed until May 2026: 'We nee... (269 words)
2026-02-14 21:30:01,865 - INFO - 
[16/32] Processing: https://www.pcgamer.com/games/grand-theft-auto/grand-theft-auto-6s-delay-makes-me-think-we-wont-be-playing-this-thing-on-pc-until-2027-or-god-forbid-even-2028/
2026-02-14 21:30:01,865 - INFO - Extracting: https://www.pcgamer.com/games/grand-theft-auto/grand-theft-auto-6s-delay-makes-me-think-we-wont-be-playing-this-thing-on-pc-until-2027-or-god-forbid-even-2028/
2026-02-14 21:30:03,931 - INFO - ✓ Saved: Grand Theft Auto 6's delay makes me think we won't... (792 words)
2026-02-14 21:30:03,931 - INFO - 
[17/32] Processing: https://www.pcgamesn.com/grand-theft-auto-vi/gta-6-release-date-setting-map-characters-gameplay-trailers
2026-02-14 21:30:03,931 - INFO - Extracting: https://www.pcgamesn.com/grand-theft-auto-vi/gta-6-release-date-setting-map-characters-gameplay-trailers
2026-02-14 21:30:04,786 - INFO - ✓ Saved: GTA 6 release date and time, delay, trailers, and ... (4007 words)
2026-02-14 21:30:04,786 - INFO - 
[18/32] Processing: https://www.pcgamer.com/games/2025-saw-game-developers-scrambling-to-avoid-heavy-hitters-like-grand-theft-auto-6-and-hollow-knight-silksong/
2026-02-14 21:30:04,786 - INFO - Extracting: https://www.pcgamer.com/games/2025-saw-game-developers-scrambling-to-avoid-heavy-hitters-like-grand-theft-auto-6-and-hollow-knight-silksong/
2026-02-14 21:30:06,131 - INFO - ✓ Saved: 2025 saw game developers scrambling to avoid heavy... (789 words)
2026-02-14 21:30:06,131 - INFO - 
[19/32] Processing: https://www.pcgamer.com/games/grand-theft-auto/rockstar-co-founder-dan-houser-says-he-didnt-write-any-of-gta-6-the-worlds-probably-had-enough-gta-from-me/
2026-02-14 21:30:06,131 - INFO - Extracting: https://www.pcgamer.com/games/grand-theft-auto/rockstar-co-founder-dan-houser-says-he-didnt-write-any-of-gta-6-the-worlds-probably-had-enough-gta-from-me/
2026-02-14 21:30:07,453 - INFO - ✓ Saved: Rockstar co-founder Dan Houser says he didn't writ... (366 words)
2026-02-14 21:30:07,454 - INFO - 
[20/32] Processing: https://www.pcgamer.com/games/grand-theft-auto/rockstar-just-dropped-a-ton-of-new-gta-6-details/
2026-02-14 21:30:07,454 - INFO - Extracting: https://www.pcgamer.com/games/grand-theft-auto/rockstar-just-dropped-a-ton-of-new-gta-6-details/
2026-02-14 21:30:14,087 - INFO - ✓ Saved: Rockstar just dropped a ton of new GTA 6 details... (749 words)
2026-02-14 21:30:14,087 - INFO - 
[21/32] Processing: https://www.pcgamer.com/grand-theft-auto-6-still-early-in-development-and-may-not-release-until-2025/
2026-02-14 21:30:14,087 - INFO - Extracting: https://www.pcgamer.com/grand-theft-auto-6-still-early-in-development-and-may-not-release-until-2025/
2026-02-14 21:30:16,004 - INFO - ✓ Saved: Grand Theft Auto 6 still 'early in development' an... (398 words)
2026-02-14 21:30:16,004 - INFO - 
[22/32] Processing: https://www.ign.com/articles/gta-6-guide-and-latest-news
2026-02-14 21:30:16,004 - INFO - Extracting: https://www.ign.com/articles/gta-6-guide-and-latest-news
2026-02-14 21:30:18,252 - WARNING - Failed to extract: https://www.ign.com/articles/gta-6-guide-and-latest-news
2026-02-14 21:30:18,252 - INFO - 
[23/32] Processing: https://www.ign.com/articles/ex-rockstar-dev-tries-to-explain-why-gta-6-is-coming-to-pc-after-ps5-and-xbox-series-x-and-s
2026-02-14 21:30:18,252 - INFO - Extracting: https://www.ign.com/articles/ex-rockstar-dev-tries-to-explain-why-gta-6-is-coming-to-pc-after-ps5-and-xbox-series-x-and-s
2026-02-14 21:30:20,158 - INFO - ✓ Saved: Ex-Rockstar Dev Tries to Explain Why GTA 6 Is Comi... (1397 words)
2026-02-14 21:30:20,159 - INFO - 
[24/32] Processing: https://www.ign.com/articles/theres-a-lot-riding-on-gta-6-and-not-just-for-rockstar-and-take-two
2026-02-14 21:30:20,159 - INFO - Extracting: https://www.ign.com/articles/theres-a-lot-riding-on-gta-6-and-not-just-for-rockstar-and-take-two
2026-02-14 21:30:22,301 - INFO - ✓ Saved: Theres a Lot Riding on GTA 6 and Not Just for Rock... (602 words)
2026-02-14 21:30:22,301 - INFO - 
[25/32] Processing: https://www.ign.com/articles/gta-6-might-be-coming-out-as-soon-as-next-year
2026-02-14 21:30:22,301 - INFO - Extracting: https://www.ign.com/articles/gta-6-might-be-coming-out-as-soon-as-next-year
2026-02-14 21:30:24,553 - INFO - ✓ Saved: GTA 6 Might Be Coming Out as Soon as Next Year... (556 words)
2026-02-14 21:30:24,553 - INFO - 
[26/32] Processing: https://kotaku.com/gta-6-delay-may-2026-too-many-games-rockstar-trailer-2-1851778860
2026-02-14 21:30:24,553 - INFO - Extracting: https://kotaku.com/gta-6-delay-may-2026-too-many-games-rockstar-trailer-2-1851778860
2026-02-14 21:30:26,372 - INFO - ✓ Saved: The Last Thing 2025 Needed Was GTA 6 - Kotaku... (494 words)
2026-02-14 21:30:26,372 - INFO - 
[27/32] Processing: https://kotaku.com/the-10-biggest-gaming-disappointments-worst-news-game-key-cards-gta-6-delay-2000655356
2026-02-14 21:30:26,372 - INFO - Extracting: https://kotaku.com/the-10-biggest-gaming-disappointments-worst-news-game-key-cards-gta-6-delay-2000655356
2026-02-14 21:30:27,915 - INFO - ✓ Saved: The 10 Biggest Gaming Disappointments Of 2025... (2192 words)
2026-02-14 21:30:27,915 - INFO - 
[28/32] Processing: https://kotaku.com/tag/grand-theft-auto-6
2026-02-14 21:30:27,915 - INFO - Extracting: https://kotaku.com/tag/grand-theft-auto-6
2026-02-14 21:30:29,293 - INFO - ✓ Saved: Grand Theft Auto 6... (162 words)
2026-02-14 21:30:29,293 - INFO - 
[29/32] Processing: https://www.gamesradar.com/gta-6-guide/
2026-02-14 21:30:29,293 - INFO - Extracting: https://www.gamesradar.com/gta-6-guide/
2026-02-14 21:30:31,985 - INFO - ✓ Saved: GTA 6: Everything we know so far... (3747 words)
2026-02-14 21:30:31,985 - INFO - 
[30/32] Processing: https://www.91mobiles.com/hub/gta-6-fall-2025-release-take-two-ceo/
2026-02-14 21:30:31,985 - INFO - Extracting: https://www.91mobiles.com/hub/gta-6-fall-2025-release-take-two-ceo/
2026-02-14 21:30:35,563 - WARNING - Failed to extract: https://www.91mobiles.com/hub/gta-6-fall-2025-release-take-two-ceo/
2026-02-14 21:30:35,563 - INFO - 
[31/32] Processing: https://streamscharts.com/news/grand-theft-auto-6-release-november-2026-confirmed-take-twos-marketing-plans
2026-02-14 21:30:35,563 - INFO - Extracting: https://streamscharts.com/news/grand-theft-auto-6-release-november-2026-confirmed-take-twos-marketing-plans
2026-02-14 21:30:38,116 - INFO - ✓ Saved: GTA 6 Release Date Set for November 2026, Take-Two... (285 words)
2026-02-14 21:30:38,116 - INFO - 
[32/32] Processing: https://en.wikipedia.org/wiki/Grand_Theft_Auto_VI
2026-02-14 21:30:38,116 - INFO - Extracting: https://en.wikipedia.org/wiki/Grand_Theft_Auto_VI
2026-02-14 21:30:39,512 - INFO - ✓ Saved: Grand Theft Auto VI... (2364 words)
2026-02-14 21:30:39,512 - INFO - 
================================================================================
2026-02-14 21:30:39,512 - INFO - Scraping completed!
2026-02-14 21:30:39,512 - INFO - ================================================================================
2026-02-15 00:28:13,306 - INFO - ================================================================================
2026-02-15 00:28:13,307 - INFO - GTA 6 News Scraper Started
2026-02-15 00:28:13,307 - INFO - ================================================================================
2026-02-15 00:28:13,307 - INFO - 
[1/58] Processing: https://www.gamespot.com/articles/gta-6-could-bring-in-this-staggering-amount-of-money/1100-6538137/
2026-02-15 00:28:13,307 - INFO - Extracting: https://www.gamespot.com/articles/gta-6-could-bring-in-this-staggering-amount-of-money/1100-6538137/
2026-02-15 00:28:14,349 - INFO - ✓ Saved: GTA 6 Could Bring In This Staggering Amount Of Mon... (489 words)
2026-02-15 00:28:14,349 - INFO - 
[2/58] Processing: https://www.gamespot.com/articles/gta-6-release-date-might-be-coming-into-focus/1100-6529480/
2026-02-15 00:28:14,349 - INFO - Extracting: https://www.gamespot.com/articles/gta-6-release-date-might-be-coming-into-focus/1100-6529480/
2026-02-15 00:28:15,587 - INFO - ⊗ Duplicate skipped: https://www.gamespot.com/articles/gta-6-release-date-might-be-coming-into-focus/1100-6529480/
2026-02-15 00:28:15,587 - INFO - 
[3/58] Processing: https://www.gamespot.com/articles/gta-6-remains-set-for-fall-2025/1100-6525654/
2026-02-15 00:28:15,587 - INFO - Extracting: https://www.gamespot.com/articles/gta-6-remains-set-for-fall-2025/1100-6525654/
2026-02-15 00:28:17,117 - INFO - ✓ Saved: GTA 6 Remains Set For Fall 2025... (307 words)
2026-02-15 00:28:17,117 - INFO - 
[4/58] Processing: https://www.gamespot.com/articles/grand-theft-auto-6-is-still-on-track-for-fall-2025-release/1100-6527618/
2026-02-15 00:28:17,117 - INFO - Extracting: https://www.gamespot.com/articles/grand-theft-auto-6-is-still-on-track-for-fall-2025-release/1100-6527618/
2026-02-15 00:28:18,696 - INFO - ✓ Saved: Grand Theft Auto 6 Is Still On Track For Fall 2025... (334 words)
2026-02-15 00:28:18,696 - INFO - 
[5/58] Processing: https://www.gamespot.com/articles/gta-6-still-on-track-for-november-release/1100-6537831/
2026-02-15 00:28:18,696 - INFO - Extracting: https://www.gamespot.com/articles/gta-6-still-on-track-for-november-release/1100-6537831/
2026-02-15 00:28:19,691 - INFO - ⊗ Duplicate skipped: https://www.gamespot.com/articles/gta-6-still-on-track-for-november-release/1100-6537831/
2026-02-15 00:28:19,691 - INFO - 
[6/58] Processing: https://www.gamespot.com/articles/gta-6-might-release-as-soon-as-2024-take-two-suggests/1100-6514295/
2026-02-15 00:28:19,691 - INFO - Extracting: https://www.gamespot.com/articles/gta-6-might-release-as-soon-as-2024-take-two-suggests/1100-6514295/
2026-02-15 00:28:20,983 - INFO - ⊗ Duplicate skipped: https://www.gamespot.com/articles/gta-6-might-release-as-soon-as-2024-take-two-suggests/1100-6514295/
2026-02-15 00:28:20,983 - INFO - 
[7/58] Processing: https://www.gamespot.com/articles/take-two-hints-at-late-2024-or-early-2025-release-for-gta-6/1100-6516687/
2026-02-15 00:28:20,983 - INFO - Extracting: https://www.gamespot.com/articles/take-two-hints-at-late-2024-or-early-2025-release-for-gta-6/1100-6516687/
2026-02-15 00:28:22,211 - INFO - ✓ Saved: Take-Two Hints At Late 2024 Or Early 2025 Release ... (361 words)
2026-02-15 00:28:22,211 - INFO - 
[8/58] Processing: https://www.pcgamer.com/games/grand-theft-auto/gta-2025-release-date-probably-not/
2026-02-15 00:28:22,211 - INFO - Extracting: https://www.pcgamer.com/games/grand-theft-auto/gta-2025-release-date-probably-not/
2026-02-15 00:28:24,274 - INFO - ⊗ Duplicate skipped: https://www.pcgamer.com/games/grand-theft-auto/gta-2025-release-date-probably-not/
2026-02-15 00:28:24,274 - INFO - 
[9/58] Processing: https://www.pcgamer.com/games/grand-theft-auto/grand-theft-auto-6-delayed-until-may-2026/
2026-02-15 00:28:24,274 - INFO - Extracting: https://www.pcgamer.com/games/grand-theft-auto/grand-theft-auto-6-delayed-until-may-2026/
2026-02-15 00:28:25,894 - INFO - ⊗ Duplicate skipped: https://www.pcgamer.com/games/grand-theft-auto/grand-theft-auto-6-delayed-until-may-2026/
2026-02-15 00:28:25,894 - INFO - 
[10/58] Processing: https://www.pcgamer.com/games/grand-theft-auto/grand-theft-auto-6s-delay-makes-me-think-we-wont-be-playing-this-thing-on-pc-until-2027-or-god-forbid-even-2028/
2026-02-15 00:28:25,894 - INFO - Extracting: https://www.pcgamer.com/games/grand-theft-auto/grand-theft-auto-6s-delay-makes-me-think-we-wont-be-playing-this-thing-on-pc-until-2027-or-god-forbid-even-2028/
2026-02-15 00:28:27,557 - INFO - ⊗ Duplicate skipped: https://www.pcgamer.com/games/grand-theft-auto/grand-theft-auto-6s-delay-makes-me-think-we-wont-be-playing-this-thing-on-pc-until-2027-or-god-forbid-even-2028/
2026-02-15 00:28:27,557 - INFO - 
[11/58] Processing: https://kotaku.com/gta-6-delay-may-2026-too-many-games-rockstar-trailer-2-1851778860
2026-02-15 00:28:27,557 - INFO - Extracting: https://kotaku.com/gta-6-delay-may-2026-too-many-games-rockstar-trailer-2-1851778860
2026-02-15 00:28:30,222 - INFO - ⊗ Duplicate skipped: https://kotaku.com/gta-6-delay-may-2026-too-many-games-rockstar-trailer-2-1851778860
2026-02-15 00:28:30,222 - INFO - 
[12/58] Processing: https://www.gamespot.com/articles/gta-6-release-date-not-being-revealed-yet-could-be-disastrous-for-some-analyst-says/1100-6530312/
2026-02-15 00:28:30,222 - INFO - Extracting: https://www.gamespot.com/articles/gta-6-release-date-not-being-revealed-yet-could-be-disastrous-for-some-analyst-says/1100-6530312/
2026-02-15 00:28:31,432 - INFO - ⊗ Duplicate skipped: https://www.gamespot.com/articles/gta-6-release-date-not-being-revealed-yet-could-be-disastrous-for-some-analyst-says/1100-6530312/
2026-02-15 00:28:31,432 - INFO - 
[13/58] Processing: https://www.ign.com/articles/theres-a-lot-riding-on-gta-6-and-not-just-for-rockstar-and-take-two
2026-02-15 00:28:31,432 - INFO - Extracting: https://www.ign.com/articles/theres-a-lot-riding-on-gta-6-and-not-just-for-rockstar-and-take-two
2026-02-15 00:28:33,523 - INFO - ⊗ Duplicate skipped: https://www.ign.com/articles/theres-a-lot-riding-on-gta-6-and-not-just-for-rockstar-and-take-two
2026-02-15 00:28:33,523 - INFO - 
[14/58] Processing: https://www.pcgamer.com/games/2025-saw-game-developers-scrambling-to-avoid-heavy-hitters-like-grand-theft-auto-6-and-hollow-knight-silksong/
2026-02-15 00:28:33,523 - INFO - Extracting: https://www.pcgamer.com/games/2025-saw-game-developers-scrambling-to-avoid-heavy-hitters-like-grand-theft-auto-6-and-hollow-knight-silksong/
2026-02-15 00:28:34,836 - INFO - ⊗ Duplicate skipped: https://www.pcgamer.com/games/2025-saw-game-developers-scrambling-to-avoid-heavy-hitters-like-grand-theft-auto-6-and-hollow-knight-silksong/
2026-02-15 00:28:34,836 - INFO - 
[15/58] Processing: https://www.91mobiles.com/hub/gta-6-fall-2025-release-take-two-ceo/
2026-02-15 00:28:34,837 - INFO - Extracting: https://www.91mobiles.com/hub/gta-6-fall-2025-release-take-two-ceo/
2026-02-15 00:28:38,365 - WARNING - Failed to extract: https://www.91mobiles.com/hub/gta-6-fall-2025-release-take-two-ceo/
2026-02-15 00:28:38,365 - INFO - 
[16/58] Processing: https://www.gamespot.com/gallery/grand-theft-auto-6-trailer-breakdown-easter-eggs-references-and-teases/2900-4973/
2026-02-15 00:28:38,365 - INFO - Extracting: https://www.gamespot.com/gallery/grand-theft-auto-6-trailer-breakdown-easter-eggs-references-and-teases/2900-4973/
2026-02-15 00:28:39,551 - INFO - ✓ Saved: Grand Theft Auto 6 Trailer Breakdown: Easter Eggs,... (110 words)
2026-02-15 00:28:39,551 - INFO - 
[17/58] Processing: https://www.watchmojo.com/articles/gta6-trailer-instant-analysis
2026-02-15 00:28:39,552 - INFO - Extracting: https://www.watchmojo.com/articles/gta6-trailer-instant-analysis
2026-02-15 00:28:42,052 - INFO - ✓ Saved: GTA 6 Trailer Analysis... (492 words)
2026-02-15 00:28:42,052 - INFO - 
[18/58] Processing: https://www.analyticsinsight.net/gaming/gta-6-trailer-analysis-what-to-expect
2026-02-15 00:28:42,052 - INFO - Extracting: https://www.analyticsinsight.net/gaming/gta-6-trailer-analysis-what-to-expect
2026-02-15 00:28:43,898 - INFO - ✓ Saved: GTA 6 Trailer Analysis: What to Expect?... (77 words)
2026-02-15 00:28:43,898 - INFO - 
[19/58] Processing: https://www.gosugamers.net/entertainment/features/70188-gta-6-trailer-breakdown-everything-we-learned-from-rockstar-s-big-reveal
2026-02-15 00:28:43,898 - INFO - Extracting: https://www.gosugamers.net/entertainment/features/70188-gta-6-trailer-breakdown-everything-we-learned-from-rockstar-s-big-reveal
2026-02-15 00:28:45,459 - INFO - ✓ Saved: GTA 6 trailer breakdown: Everything we learned fro... (1107 words)
2026-02-15 00:28:45,459 - INFO - 
[20/58] Processing: https://www.sportskeeda.com/gta/gta-6-trailer-breakdown-every-detail-shown-trailer-revealed
2026-02-15 00:28:45,459 - INFO - Extracting: https://www.sportskeeda.com/gta/gta-6-trailer-breakdown-every-detail-shown-trailer-revealed
2026-02-15 00:28:48,222 - INFO - ✓ Saved: GTA 6 trailer breakdown: Every detail shown in the... (523 words)
2026-02-15 00:28:48,222 - INFO - 
[21/58] Processing: https://www.dualshockers.com/gta-6-pdf-trailer-breakdown/
2026-02-15 00:28:48,222 - INFO - Extracting: https://www.dualshockers.com/gta-6-pdf-trailer-breakdown/
2026-02-15 00:28:51,850 - INFO - ✓ Saved: Grand Theft Auto 6 Fans Create Ultimate Trailer An... (420 words)
2026-02-15 00:28:51,850 - INFO - 
[22/58] Processing: https://www.joyfreak.com/threads/gta-6-trailer-2-breakdown-every-detail-theory-what-it-means-for-the-game.15885/
2026-02-15 00:28:51,850 - INFO - Extracting: https://www.joyfreak.com/threads/gta-6-trailer-2-breakdown-every-detail-theory-what-it-means-for-the-game.15885/
2026-02-15 00:28:53,253 - INFO - ✓ Saved: GTA 6 Trailer 2 Breakdown Every Detail, Theory Wha... (31 words)
2026-02-15 00:28:53,253 - INFO - 
[23/58] Processing: https://egw.news/gaming/news/27591/gta-6-trailer-2-analysis-everything-rockstar-just--2N3GA3Wc0
2026-02-15 00:28:53,253 - INFO - Extracting: https://egw.news/gaming/news/27591/gta-6-trailer-2-analysis-everything-rockstar-just--2N3GA3Wc0
2026-02-15 00:28:55,581 - INFO - ✓ Saved: GTA 6 Trailer 2 Analysis: Full Breakdown of Jason,... (1170 words)
2026-02-15 00:28:55,581 - INFO - 
[24/58] Processing: https://www.gamespot.com/gallery/gta-6-trailer-2-breakdown-whats-happening-in-leonida/2900-6542/
2026-02-15 00:28:55,581 - INFO - Extracting: https://www.gamespot.com/gallery/gta-6-trailer-2-breakdown-whats-happening-in-leonida/2900-6542/
2026-02-15 00:28:56,514 - INFO - ✓ Saved: GTA 6 Trailer 2 Breakdown: What's Happening In Leo... (141 words)
2026-02-15 00:28:56,514 - INFO - 
[25/58] Processing: https://consolechronicle.com/2024/03/02/gta-6-trailer-graphics-surpass-gta-5-comparison-reveals-advancements/
2026-02-15 00:28:56,514 - INFO - Extracting: https://consolechronicle.com/2024/03/02/gta-6-trailer-graphics-surpass-gta-5-comparison-reveals-advancements/
2026-02-15 00:28:59,012 - INFO - ✓ Saved: GTA 6 Trailer Graphics Surpass GTA 5: Comparison R... (273 words)
2026-02-15 00:28:59,012 - INFO - 
[26/58] Processing: https://www.gamespot.com/articles/the-gta-6-trailer-was-released-one-year-ago-today-and-fans-are-still-waiting-for-anything-more/1100-6528248/
2026-02-15 00:28:59,012 - INFO - Extracting: https://www.gamespot.com/articles/the-gta-6-trailer-was-released-one-year-ago-today-and-fans-are-still-waiting-for-anything-more/1100-6528248/
2026-02-15 00:29:00,033 - INFO - ✓ Saved: The GTA 6 Trailer Was Released One Year Ago Today,... (1515 words)
2026-02-15 00:29:00,034 - INFO - 
[27/58] Processing: https://www.gamespot.com/articles/gta-6-was-revealed-four-years-ago-today/1100-6537916/
2026-02-15 00:29:00,034 - INFO - Extracting: https://www.gamespot.com/articles/gta-6-was-revealed-four-years-ago-today/1100-6537916/
2026-02-15 00:29:01,049 - INFO - ⊗ Duplicate skipped: https://www.gamespot.com/articles/gta-6-was-revealed-four-years-ago-today/1100-6537916/
2026-02-15 00:29:01,049 - INFO - 
[28/58] Processing: https://gta.fandom.com/wiki/Grand_Theft_Auto_VI/Leaks
2026-02-15 00:29:01,049 - INFO - Extracting: https://gta.fandom.com/wiki/Grand_Theft_Auto_VI/Leaks
2026-02-15 00:29:02,227 - INFO - ✓ Saved: Leaks of Grand Theft Auto VI... (1457 words)
2026-02-15 00:29:02,227 - INFO - 
[29/58] Processing: https://gameboost.com/blog/gta-6-leaked-footage
2026-02-15 00:29:02,227 - INFO - Extracting: https://gameboost.com/blog/gta-6-leaked-footage
2026-02-15 00:29:04,973 - WARNING - Failed to extract: https://gameboost.com/blog/gta-6-leaked-footage
2026-02-15 00:29:04,974 - INFO - 
[30/58] Processing: https://www.resetera.com/threads/development-footage-of-grand-theft-auto-6-has-leaked-source-code-potentially-in-hands-of-leaker.633479/
2026-02-15 00:29:04,974 - INFO - Extracting: https://www.resetera.com/threads/development-footage-of-grand-theft-auto-6-has-leaked-source-code-potentially-in-hands-of-leaker.633479/
2026-02-15 00:29:06,416 - INFO - ✓ Saved: Development footage of Grand Theft Auto 6 has leak... (40 words)
2026-02-15 00:29:06,416 - INFO - 
[31/58] Processing: https://www.sportskeeda.com/gta/5-jaw-dropping-details-derived-gta-6-leaked-footage
2026-02-15 00:29:06,416 - INFO - Extracting: https://www.sportskeeda.com/gta/5-jaw-dropping-details-derived-gta-6-leaked-footage
2026-02-15 00:29:07,723 - INFO - ✓ Saved: 5 jaw-dropping details derived from GTA 6 leaked f... (589 words)
2026-02-15 00:29:07,723 - INFO - 
[32/58] Processing: https://comicbook.com/gaming/news/gta-6-development-footage-leaks-online/
2026-02-15 00:29:07,723 - INFO - Extracting: https://comicbook.com/gaming/news/gta-6-development-footage-leaks-online/
2026-02-15 00:29:09,519 - INFO - ✓ Saved: GTA 6 Development Footage Leaks Online... (534 words)
2026-02-15 00:29:09,519 - INFO - 
[33/58] Processing: https://rockstarintel.com/new-gta-6-gameplay-clips-accidentally-leaked/
2026-02-15 00:29:09,519 - INFO - Extracting: https://rockstarintel.com/new-gta-6-gameplay-clips-accidentally-leaked/
2026-02-15 00:29:10,972 - INFO - ✓ Saved: New GTA 6 Gameplay Clips Accidentally Leaked... (621 words)
2026-02-15 00:29:10,972 - INFO - 
[34/58] Processing: https://www.thegamer.com/grand-theft-auto-gta-6-vi-new-gameplay-footage-appears-to-have-leaked-2024/
2026-02-15 00:29:10,973 - INFO - Extracting: https://www.thegamer.com/grand-theft-auto-gta-6-vi-new-gameplay-footage-appears-to-have-leaked-2024/
2026-02-15 00:29:13,800 - INFO - ✓ Saved: GTA 6 Gameplay Footage Has Seemingly Leaked Again... (457 words)
2026-02-15 00:29:13,800 - INFO - 
[35/58] Processing: https://en.wikipedia.org/wiki/Grand_Theft_Auto_VI
2026-02-15 00:29:13,800 - INFO - Extracting: https://en.wikipedia.org/wiki/Grand_Theft_Auto_VI
2026-02-15 00:29:15,446 - INFO - ⊗ Duplicate skipped: https://en.wikipedia.org/wiki/Grand_Theft_Auto_VI
2026-02-15 00:29:15,446 - INFO - 
[36/58] Processing: https://gta.fandom.com/wiki/Lucia_Caminos
2026-02-15 00:29:15,446 - INFO - Extracting: https://gta.fandom.com/wiki/Lucia_Caminos
2026-02-15 00:29:16,051 - INFO - ✓ Saved: Lucia Caminos... (233 words)
2026-02-15 00:29:16,051 - INFO - 
[37/58] Processing: https://driffle.com/blog/all-about-jason-and-lucia-in-gta-6/
2026-02-15 00:29:16,051 - INFO - Extracting: https://driffle.com/blog/all-about-jason-and-lucia-in-gta-6/
2026-02-15 00:29:17,004 - INFO - ✓ Saved: All About Jason and Lucia in GTA 6... (611 words)
2026-02-15 00:29:17,005 - INFO - 
[38/58] Processing: https://www.espn.com/gaming/story/_/id/45023987/grand-theft-auto-vi-gta-6-jason-duval-lucia-caminos
2026-02-15 00:29:17,005 - INFO - Extracting: https://www.espn.com/gaming/story/_/id/45023987/grand-theft-auto-vi-gta-6-jason-duval-lucia-caminos
2026-02-15 00:29:18,359 - INFO - ✓ Saved: GTA 6 releases information on main characters... (297 words)
2026-02-15 00:29:18,359 - INFO - 
[39/58] Processing: https://www.gamesradar.com/games/grand-theft-auto/gta-6s-lucia-and-jason-get-full-names-and-backstories-as-trailer-2-drops-and-rockstar-shares-loads-more-details-about-its-protagonists/
2026-02-15 00:29:18,359 - INFO - Extracting: https://www.gamesradar.com/games/grand-theft-auto/gta-6s-lucia-and-jason-get-full-names-and-backstories-as-trailer-2-drops-and-rockstar-shares-loads-more-details-about-its-protagonists/
2026-02-15 00:29:20,472 - INFO - ✓ Saved: GTA 6's Lucia and Jason get full names and backsto... (450 words)
2026-02-15 00:29:20,472 - INFO - 
[40/58] Processing: https://gamerant.com/gta-6-characters-screenshots-jason-lucia/
2026-02-15 00:29:20,473 - INFO - Extracting: https://gamerant.com/gta-6-characters-screenshots-jason-lucia/
2026-02-15 00:29:23,227 - INFO - ✓ Saved: GTA 6 Details 9 of the Game's Characters With Bran... (1138 words)
2026-02-15 00:29:23,227 - INFO - 
[41/58] Processing: https://www.pcgamer.com/games/grand-theft-auto/im-already-totally-enamored-with-grand-theft-auto-6s-jason-and-lucia-and-ive-had-them-for-less-than-5-minutes/
2026-02-15 00:29:23,228 - INFO - Extracting: https://www.pcgamer.com/games/grand-theft-auto/im-already-totally-enamored-with-grand-theft-auto-6s-jason-and-lucia-and-ive-had-them-for-less-than-5-minutes/
2026-02-15 00:29:25,595 - INFO - ✓ Saved: I'm already totally enamored with Grand Theft Auto... (731 words)
2026-02-15 00:29:25,595 - INFO - 
[42/58] Processing: https://www.thegamer.com/lucia-jason-gta-6-trailer-2-love-romance/
2026-02-15 00:29:25,595 - INFO - Extracting: https://www.thegamer.com/lucia-jason-gta-6-trailer-2-love-romance/
2026-02-15 00:29:26,975 - INFO - ✓ Saved: Lucia And Jason Are The Most Interesting Parts Of ... (693 words)
2026-02-15 00:29:26,975 - INFO - 
[43/58] Processing: https://beebom.com/lucia-gta-6/
2026-02-15 00:29:26,975 - INFO - Extracting: https://beebom.com/lucia-gta-6/
2026-02-15 00:29:28,857 - INFO - ✓ Saved: Who Is Lucia in GTA 6? Everything We Know So Far... (1149 words)
2026-02-15 00:29:28,857 - INFO - 
[44/58] Processing: https://www.wikigta6.com/lucia2/
2026-02-15 00:29:28,857 - INFO - Extracting: https://www.wikigta6.com/lucia2/
2026-02-15 00:29:32,028 - INFO - ✓ Saved: Story, Background, and Protagonist Details... (1234 words)
2026-02-15 00:29:32,028 - INFO - 
[45/58] Processing: https://www.cclonline.com/article/5176/Blog/cclonline/GTA-VI-Characters-Guide-Meet-Lucia-Jason-More/
2026-02-15 00:29:32,028 - INFO - Extracting: https://www.cclonline.com/article/5176/Blog/cclonline/GTA-VI-Characters-Guide-Meet-Lucia-Jason-More/
2026-02-15 00:29:33,726 - WARNING - Failed to extract: https://www.cclonline.com/article/5176/Blog/cclonline/GTA-VI-Characters-Guide-Meet-Lucia-Jason-More/
2026-02-15 00:29:33,726 - INFO - 
[46/58] Processing: https://www.gamespot.com/articles/grand-theft-auto-6-everything-we-know/1100-6503729/
2026-02-15 00:29:33,727 - INFO - Extracting: https://www.gamespot.com/articles/grand-theft-auto-6-everything-we-know/1100-6503729/
2026-02-15 00:29:34,930 - INFO - ⊗ Duplicate skipped: https://www.gamespot.com/articles/grand-theft-auto-6-everything-we-know/1100-6503729/
2026-02-15 00:29:34,930 - INFO - 
[47/58] Processing: https://www.ign.com/articles/gta-6-guide-and-latest-news
2026-02-15 00:29:34,930 - INFO - Extracting: https://www.ign.com/articles/gta-6-guide-and-latest-news
2026-02-15 00:29:36,592 - WARNING - Failed to extract: https://www.ign.com/articles/gta-6-guide-and-latest-news
2026-02-15 00:29:36,592 - INFO - 
[48/58] Processing: https://www.gamesradar.com/gta-6-guide/
2026-02-15 00:29:36,592 - INFO - Extracting: https://www.gamesradar.com/gta-6-guide/
2026-02-15 00:29:38,013 - INFO - ⊗ Duplicate skipped: https://www.gamesradar.com/gta-6-guide/
2026-02-15 00:29:38,013 - INFO - 
[49/58] Processing: https://www.pcgamesn.com/grand-theft-auto-vi/gta-6-release-date-setting-map-characters-gameplay-trailers
2026-02-15 00:29:38,013 - INFO - Extracting: https://www.pcgamesn.com/grand-theft-auto-vi/gta-6-release-date-setting-map-characters-gameplay-trailers
2026-02-15 00:29:38,895 - INFO - ⊗ Duplicate skipped: https://www.pcgamesn.com/grand-theft-auto-vi/gta-6-release-date-setting-map-characters-gameplay-trailers
2026-02-15 00:29:38,895 - INFO - 
[50/58] Processing: https://www.ign.com/articles/ex-rockstar-dev-tries-to-explain-why-gta-6-is-coming-to-pc-after-ps5-and-xbox-series-x-and-s
2026-02-15 00:29:38,895 - INFO - Extracting: https://www.ign.com/articles/ex-rockstar-dev-tries-to-explain-why-gta-6-is-coming-to-pc-after-ps5-and-xbox-series-x-and-s
2026-02-15 00:29:41,163 - INFO - ⊗ Duplicate skipped: https://www.ign.com/articles/ex-rockstar-dev-tries-to-explain-why-gta-6-is-coming-to-pc-after-ps5-and-xbox-series-x-and-s
2026-02-15 00:29:41,164 - INFO - 
[51/58] Processing: https://www.gamespot.com/articles/gta-6-will-be-available-on-as-a-physical-release-on-day-one-take-two-confirms/1100-6537898/
2026-02-15 00:29:41,164 - INFO - Extracting: https://www.gamespot.com/articles/gta-6-will-be-available-on-as-a-physical-release-on-day-one-take-two-confirms/1100-6537898/
2026-02-15 00:29:41,748 - INFO - ✓ Saved: GTA 6 Will Be Available On As A Physical Release O... (395 words)
2026-02-15 00:29:41,748 - INFO - 
[52/58] Processing: https://www.gamespot.com/articles/the-game-awards-2026-sets-a-date-and-gta-6-looms-large/1100-6537869/
2026-02-15 00:29:41,748 - INFO - Extracting: https://www.gamespot.com/articles/the-game-awards-2026-sets-a-date-and-gta-6-looms-large/1100-6537869/
2026-02-15 00:29:42,888 - INFO - ⊗ Duplicate skipped: https://www.gamespot.com/articles/the-game-awards-2026-sets-a-date-and-gta-6-looms-large/1100-6537869/
2026-02-15 00:29:42,888 - INFO - 
[53/58] Processing: https://www.pcgamer.com/games/grand-theft-auto/rockstar-co-founder-dan-houser-says-he-didnt-write-any-of-gta-6-the-worlds-probably-had-enough-gta-from-me/
2026-02-15 00:29:42,888 - INFO - Extracting: https://www.pcgamer.com/games/grand-theft-auto/rockstar-co-founder-dan-houser-says-he-didnt-write-any-of-gta-6-the-worlds-probably-had-enough-gta-from-me/
2026-02-15 00:29:44,668 - INFO - ⊗ Duplicate skipped: https://www.pcgamer.com/games/grand-theft-auto/rockstar-co-founder-dan-houser-says-he-didnt-write-any-of-gta-6-the-worlds-probably-had-enough-gta-from-me/
2026-02-15 00:29:44,668 - INFO - 
[54/58] Processing: https://www.pcgamer.com/games/grand-theft-auto/rockstar-just-dropped-a-ton-of-new-gta-6-details/
2026-02-15 00:29:44,668 - INFO - Extracting: https://www.pcgamer.com/games/grand-theft-auto/rockstar-just-dropped-a-ton-of-new-gta-6-details/
2026-02-15 00:29:46,350 - INFO - ⊗ Duplicate skipped: https://www.pcgamer.com/games/grand-theft-auto/rockstar-just-dropped-a-ton-of-new-gta-6-details/
2026-02-15 00:29:46,350 - INFO - 
[55/58] Processing: https://www.pcgamer.com/grand-theft-auto-6-still-early-in-development-and-may-not-release-until-2025/
2026-02-15 00:29:46,350 - INFO - Extracting: https://www.pcgamer.com/grand-theft-auto-6-still-early-in-development-and-may-not-release-until-2025/
2026-02-15 00:29:47,773 - INFO - ⊗ Duplicate skipped: https://www.pcgamer.com/grand-theft-auto-6-still-early-in-development-and-may-not-release-until-2025/
2026-02-15 00:29:47,773 - INFO - 
[56/58] Processing: https://en.wikipedia.org/wiki/Grand_Theft_Auto_VI
2026-02-15 00:29:47,773 - INFO - Extracting: https://en.wikipedia.org/wiki/Grand_Theft_Auto_VI
2026-02-15 00:29:49,326 - INFO - ⊗ Duplicate skipped: https://en.wikipedia.org/wiki/Grand_Theft_Auto_VI
2026-02-15 00:29:49,326 - INFO - 
[57/58] Processing: https://kotaku.com/the-10-biggest-gaming-disappointments-worst-news-game-key-cards-gta-6-delay-2000655356
2026-02-15 00:29:49,326 - INFO - Extracting: https://kotaku.com/the-10-biggest-gaming-disappointments-worst-news-game-key-cards-gta-6-delay-2000655356
2026-02-15 00:29:51,068 - INFO - ⊗ Duplicate skipped: https://kotaku.com/the-10-biggest-gaming-disappointments-worst-news-game-key-cards-gta-6-delay-2000655356
2026-02-15 00:29:51,069 - INFO - 
[58/58] Processing: https://streamscharts.com/news/grand-theft-auto-6-release-november-2026-confirmed-take-twos-marketing-plans
2026-02-15 00:29:51,069 - INFO - Extracting: https://streamscharts.com/news/grand-theft-auto-6-release-november-2026-confirmed-take-twos-marketing-plans
2026-02-15 00:29:54,000 - INFO - ⊗ Duplicate skipped: https://streamscharts.com/news/grand-theft-auto-6-release-november-2026-confirmed-take-twos-marketing-plans
2026-02-15 00:29:54,000 - INFO - 
================================================================================
2026-02-15 00:29:54,000 - INFO - Scraping completed!
2026-02-15 00:29:54,000 - INFO - ================================================================================
